#
# There is insufficient memory for the Java Runtime Environment to continue.
# Native memory allocation (malloc) failed to allocate 1217696 bytes for Chunk::new
# Possible reasons:
#   The system is out of physical RAM or swap space
#   The process is running with CompressedOops enabled, and the Java Heap may be blocking the growth of the native heap
# Possible solutions:
#   Reduce memory load on the system
#   Increase physical memory or swap space
#   Check if swap backing store is full
#   Decrease Java heap size (-Xmx/-Xms)
#   Decrease number of Java threads
#   Decrease Java thread stack sizes (-Xss)
#   Set larger code cache with -XX:ReservedCodeCacheSize=
#   JVM is running with Unscaled Compressed Oops mode in which the Java heap is
#     placed in the first 4GB address space. The Java Heap base address is the
#     maximum limit for the native heap growth. Please use -XX:HeapBaseMinAddress
#     to set the Java Heap base and to place the Java Heap above 4GB virtual address.
# This output file may be truncated or incomplete.
#
#  Out of Memory Error (arena.cpp:195), pid=18388, tid=12500
#
# JRE version: Java(TM) SE Runtime Environment (16.0.2+7) (build 16.0.2+7-67)
# Java VM: Java HotSpot(TM) 64-Bit Server VM (16.0.2+7-67, mixed mode, sharing, tiered, compressed oops, compressed class ptrs, g1 gc, windows-amd64)
# No core dump will be written. Minidumps are not enabled by default on client versions of Windows
#

---------------  S U M M A R Y ------------

Command Line: -XX:MaxMetaspaceSize=256m -XX:+HeapDumpOnOutOfMemoryError -agentlib:jdwp=transport=dt_socket,server=n,suspend=y,address=127.0.0.1:58783 --add-opens=java.base/java.util=ALL-UNNAMED --add-opens=java.base/java.lang=ALL-UNNAMED --add-opens=java.base/java.lang.invoke=ALL-UNNAMED --add-opens=java.base/java.util=ALL-UNNAMED --add-opens=java.prefs/java.util.prefs=ALL-UNNAMED --add-opens=java.prefs/java.util.prefs=ALL-UNNAMED --add-opens=java.base/java.nio.charset=ALL-UNNAMED --add-opens=java.base/java.net=ALL-UNNAMED --add-opens=java.base/java.util.concurrent.atomic=ALL-UNNAMED -Xms256m -Xmx512m -Dfile.encoding=windows-1252 -Duser.country=US -Duser.language=en -Duser.variant org.gradle.launcher.daemon.bootstrap.GradleDaemon 7.3.1

Host: Intel(R) Core(TM) i7-10510U CPU @ 1.80GHz, 8 cores, 15G,  Windows 10 , 64 bit Build 19041 (10.0.19041.1466)
Time: Thu Jan 13 22:30:09 2022 Central Standard Time elapsed time: 11.723253 seconds (0d 0h 0m 11s)

---------------  T H R E A D  ---------------

Current thread (0x0000020860a977f0):  JavaThread "C2 CompilerThread0" daemon [_thread_in_native, id=12500, stack(0x00000039da200000,0x00000039da300000)]


Current CompileTask:
C2:  11723 9039       4       io.spring.gradle.dependencymanagement.org.apache.maven.model.interpolation.ProblemDetectingValueSource::getValue (131 bytes)

Stack: [0x00000039da200000,0x00000039da300000]
Native frames: (J=compiled Java code, j=interpreted, Vv=VM code, C=native code)
V  [jvm.dll+0x6681ca]
V  [jvm.dll+0x7c9e69]
V  [jvm.dll+0x7cb61e]
V  [jvm.dll+0x7cbc73]
V  [jvm.dll+0x242c55]
V  [jvm.dll+0xadeba]
V  [jvm.dll+0xae45c]
V  [jvm.dll+0x2a4cdf]
V  [jvm.dll+0x573c29]
V  [jvm.dll+0x21e905]
V  [jvm.dll+0x217c01]
V  [jvm.dll+0x214ffc]
V  [jvm.dll+0x1a1beb]
V  [jvm.dll+0x225158]
V  [jvm.dll+0x22319c]
V  [jvm.dll+0x77fa62]
V  [jvm.dll+0x7795aa]
V  [jvm.dll+0x667066]
C  [ucrtbase.dll+0x21bb2]
C  [KERNEL32.DLL+0x17034]
C  [ntdll.dll+0x52651]


---------------  P R O C E S S  ---------------

Threads class SMR info:
_java_thread_list=0x000002086406e3c0, length=151, elements={
0x00000208462a3ef0, 0x0000020860a7add0, 0x0000020860a7e310, 0x0000020860a91720,
0x0000020860a92230, 0x0000020860a95060, 0x0000020860a95b80, 0x0000020860a977f0,
0x0000020860a98550, 0x0000020860a9b4f0, 0x00000208615271b0, 0x0000020861542720,
0x0000020861550fd0, 0x0000020861551d20, 0x00000208615296e0, 0x00000208616af730,
0x000002086152a180, 0x0000020861529c30, 0x0000020861527700, 0x0000020861526c60,
0x00000208615286f0, 0x0000020861529190, 0x0000020861527c50, 0x00000208615281a0,
0x0000020861528c40, 0x0000020864a1bea0, 0x0000020864a1ce90, 0x0000020864a1d3e0,
0x0000020864a18980, 0x0000020864a1c3f0, 0x0000020864a15f00, 0x0000020864a1a410,
0x0000020864a1c940, 0x0000020864a16450, 0x0000020864a169a0, 0x0000020864a18430,
0x0000020864a17440, 0x0000020864a18ed0, 0x0000020864a19970, 0x0000020864a1a960,
0x000002086750b460, 0x000002086750bf00, 0x000002086750c450, 0x000002086750a9c0,
0x0000020867510960, 0x0000020867510eb0, 0x000002086750d440, 0x000002086750e430,
0x0000020867509480, 0x000002086750b9b0, 0x00000208675099d0, 0x000002086750a470,
0x000002086750f970, 0x0000020867510410, 0x000002086750af10, 0x000002086750c9a0,
0x000002086750d990, 0x000002086750cef0, 0x000002086750e980, 0x000002086750eed0,
0x000002086750f420, 0x00000208637ef370, 0x00000208637f3dd0, 0x00000208637f5310,
0x00000208637f0360, 0x00000208637f4870, 0x00000208637f4320, 0x00000208637ef8c0,
0x00000208637eee20, 0x00000208637f6300, 0x00000208637f6850, 0x00000208637f2de0,
0x00000208637f1350, 0x00000208637f1df0, 0x00000208637f18a0, 0x00000208637f4dc0,
0x00000208637f2340, 0x00000208637f5860, 0x00000208637f3330, 0x00000208637f5db0,
0x00000208637f08b0, 0x00000208637efe10, 0x00000208637f0e00, 0x00000208637f2890,
0x00000208637f3880, 0x0000020866c77b30, 0x0000020866c79070, 0x0000020866c7b050,
0x0000020866c78b20, 0x0000020866c78080, 0x0000020866c765f0, 0x0000020866c7b5a0,
0x0000020866c7baf0, 0x0000020866c75600, 0x0000020866c775e0, 0x0000020866c750b0,
0x0000020866c740c0, 0x0000020866c75b50, 0x0000020866c7ab00, 0x0000020866c7a060,
0x0000020866c785d0, 0x0000020866c760a0, 0x0000020866c74610, 0x0000020866c795c0,
0x0000020866c76b40, 0x0000020866c79b10, 0x0000020866c74b60, 0x0000020869f31f60,
0x0000020869f36f10, 0x0000020869f30a20, 0x0000020869f369c0, 0x0000020869f30f70,
0x0000020869f37460, 0x0000020869f34f30, 0x0000020869f34490, 0x0000020869f32a00,
0x0000020869f35f20, 0x0000020869f314c0, 0x0000020869f36470, 0x0000020869f32f50,
0x0000020869f334a0, 0x0000020869f339f0, 0x0000020869f379b0, 0x0000020869f31a10,
0x0000020869f2ff80, 0x0000020869f304d0, 0x0000020869f324b0, 0x0000020869f33f40,
0x0000020869f349e0, 0x0000020869f35480, 0x0000020869f359d0, 0x00000208643ed380,
0x00000208643ea3b0, 0x00000208643e9e60, 0x00000208643ebe40, 0x00000208643eb3a0,
0x00000208643eb8f0, 0x00000208643ece30, 0x00000208643eae50, 0x00000208643ec390,
0x00000208643ec8e0, 0x0000020864a5b610, 0x0000020864a56660, 0x0000020864a56bb0,
0x0000020864a56110, 0x0000020861bf4210, 0x0000020864a5bb60, 0x0000020864a5a620,
0x0000020864a55670, 0x0000020864a580f0, 0x0000020864a5a0d0
}

Java Threads: ( => current thread )
  0x00000208462a3ef0 JavaThread "main" [_thread_blocked, id=20904, stack(0x00000039d9500000,0x00000039d9600000)]
  0x0000020860a7add0 JavaThread "Reference Handler" daemon [_thread_blocked, id=12140, stack(0x00000039d9c00000,0x00000039d9d00000)]
  0x0000020860a7e310 JavaThread "Finalizer" daemon [_thread_blocked, id=1664, stack(0x00000039d9d00000,0x00000039d9e00000)]
  0x0000020860a91720 JavaThread "Signal Dispatcher" daemon [_thread_blocked, id=11600, stack(0x00000039d9e00000,0x00000039d9f00000)]
  0x0000020860a92230 JavaThread "Attach Listener" daemon [_thread_blocked, id=12860, stack(0x00000039d9f00000,0x00000039da000000)]
  0x0000020860a95060 JavaThread "Service Thread" daemon [_thread_blocked, id=9596, stack(0x00000039da000000,0x00000039da100000)]
  0x0000020860a95b80 JavaThread "Monitor Deflation Thread" daemon [_thread_blocked, id=12844, stack(0x00000039da100000,0x00000039da200000)]
=>0x0000020860a977f0 JavaThread "C2 CompilerThread0" daemon [_thread_in_native, id=12500, stack(0x00000039da200000,0x00000039da300000)]
  0x0000020860a98550 JavaThread "C1 CompilerThread0" daemon [_thread_blocked, id=11704, stack(0x00000039da300000,0x00000039da400000)]
  0x0000020860a9b4f0 JavaThread "Sweeper thread" daemon [_thread_blocked, id=21932, stack(0x00000039da400000,0x00000039da500000)]
  0x00000208615271b0 JavaThread "Common-Cleaner" daemon [_thread_blocked, id=20120, stack(0x00000039da500000,0x00000039da600000)]
  0x0000020861542720 JavaThread "JDWP Transport Listener: dt_socket" daemon [_thread_blocked, id=4764, stack(0x00000039da600000,0x00000039da700000)]
  0x0000020861550fd0 JavaThread "JDWP Event Helper Thread" daemon [_thread_blocked, id=22516, stack(0x00000039da700000,0x00000039da800000)]
  0x0000020861551d20 JavaThread "JDWP Command Reader" daemon [_thread_in_native, id=10744, stack(0x00000039da800000,0x00000039da900000)]
  0x00000208615296e0 JavaThread "Notification Thread" daemon [_thread_blocked, id=5672, stack(0x00000039da900000,0x00000039daa00000)]
  0x00000208616af730 JavaThread "C2 CompilerThread1" daemon [_thread_in_native, id=21176, stack(0x00000039dab00000,0x00000039dac00000)]
  0x000002086152a180 JavaThread "Daemon health stats" [_thread_blocked, id=16492, stack(0x00000039db400000,0x00000039db500000)]
  0x0000020861529c30 JavaThread "Incoming local TCP Connector on port 58799" [_thread_in_native, id=19924, stack(0x00000039db500000,0x00000039db600000)]
  0x0000020861527700 JavaThread "Daemon periodic checks" [_thread_blocked, id=20148, stack(0x00000039db600000,0x00000039db700000)]
  0x0000020861526c60 JavaThread "Daemon" [_thread_blocked, id=13948, stack(0x00000039db700000,0x00000039db800000)]
  0x00000208615286f0 JavaThread "Handler for socket connection from /127.0.0.1:58799 to /127.0.0.1:58800" [_thread_in_native, id=13900, stack(0x00000039db800000,0x00000039db900000)]
  0x0000020861529190 JavaThread "Cancel handler" [_thread_blocked, id=19860, stack(0x00000039db900000,0x00000039dba00000)]
  0x0000020861527c50 JavaThread "Daemon worker" [_thread_blocked, id=7524, stack(0x00000039dba00000,0x00000039dbb00000)]
  0x00000208615281a0 JavaThread "Asynchronous log dispatcher for DefaultDaemonConnection: socket connection from /127.0.0.1:58799 to /127.0.0.1:58800" [_thread_blocked, id=13244, stack(0x00000039dbb00000,0x00000039dbc00000)]
  0x0000020861528c40 JavaThread "Stdin handler" [_thread_blocked, id=15972, stack(0x00000039dbc00000,0x00000039dbd00000)]
  0x0000020864a1bea0 JavaThread "Daemon client event forwarder" [_thread_blocked, id=14876, stack(0x00000039dbd00000,0x00000039dbe00000)]
  0x0000020864a1ce90 JavaThread "Cache worker for journal cache (C:\Users\lucyc\.gradle\caches\journal-1)" [_thread_blocked, id=14868, stack(0x00000039dbe00000,0x00000039dbf00000)]
  0x0000020864a1d3e0 JavaThread "File lock request listener" [_thread_in_native, id=20020, stack(0x00000039dbf00000,0x00000039dc000000)]
  0x0000020864a18980 JavaThread "Cache worker for file hash cache (C:\Users\lucyc\.gradle\caches\7.3.1\fileHashes)" [_thread_blocked, id=14448, stack(0x00000039dc000000,0x00000039dc100000)]
  0x0000020864a1c3f0 JavaThread "Cache worker for file hash cache (C:\Users\lucyc\santiago-group\.gradle\7.3.1\fileHashes)" [_thread_blocked, id=3884, stack(0x00000039dc100000,0x00000039dc200000)]
  0x0000020864a15f00 JavaThread "File watcher server" daemon [_thread_in_native, id=10172, stack(0x00000039dc200000,0x00000039dc300000)]
  0x0000020864a1a410 JavaThread "File watcher consumer" daemon [_thread_blocked, id=15836, stack(0x00000039dc300000,0x00000039dc400000)]
  0x0000020864a1c940 JavaThread "Cache worker for checksums cache (C:\Users\lucyc\santiago-group\.gradle\7.3.1\checksums)" [_thread_blocked, id=15456, stack(0x00000039dc400000,0x00000039dc500000)]
  0x0000020864a16450 JavaThread "Cache worker for cache directory md-supplier (C:\Users\lucyc\.gradle\caches\7.3.1\md-supplier)" [_thread_blocked, id=18688, stack(0x00000039dc500000,0x00000039dc600000)]
  0x0000020864a169a0 JavaThread "Cache worker for cache directory md-rule (C:\Users\lucyc\.gradle\caches\7.3.1\md-rule)" [_thread_blocked, id=21316, stack(0x00000039dc600000,0x00000039dc700000)]
  0x0000020864a18430 JavaThread "Cache worker for execution history cache (C:\Users\lucyc\.gradle\caches\7.3.1\executionHistory)" [_thread_blocked, id=15840, stack(0x00000039dc800000,0x00000039dc900000)]
  0x0000020864a17440 JavaThread "jar transforms" [_thread_blocked, id=15880, stack(0x00000039dc900000,0x00000039dca00000)]
  0x0000020864a18ed0 JavaThread "jar transforms Thread 2" [_thread_blocked, id=22016, stack(0x00000039dca00000,0x00000039dcb00000)]
  0x0000020864a19970 JavaThread "Cache worker for file content cache (C:\Users\lucyc\.gradle\caches\7.3.1\fileContent)" [_thread_blocked, id=2000, stack(0x00000039dcb00000,0x00000039dcc00000)]
  0x0000020864a1a960 JavaThread "jar transforms Thread 3" [_thread_blocked, id=2368, stack(0x00000039dcc00000,0x00000039dcd00000)]
  0x000002086750b460 JavaThread "jar transforms Thread 4" [_thread_blocked, id=16536, stack(0x00000039dcd00000,0x00000039dce00000)]
  0x000002086750bf00 JavaThread "jar transforms Thread 5" [_thread_blocked, id=16684, stack(0x00000039dce00000,0x00000039dcf00000)]
  0x000002086750c450 JavaThread "jar transforms Thread 6" [_thread_blocked, id=17836, stack(0x00000039dcf00000,0x00000039dd000000)]
  0x000002086750a9c0 JavaThread "jar transforms Thread 7" [_thread_blocked, id=7052, stack(0x00000039dd000000,0x00000039dd100000)]
  0x0000020867510960 JavaThread "jar transforms Thread 8" [_thread_blocked, id=17340, stack(0x00000039dd100000,0x00000039dd200000)]
  0x0000020867510eb0 JavaThread "Cache worker for dependencies-accessors (C:\Users\lucyc\santiago-group\.gradle\7.3.1\dependencies-accessors)" [_thread_blocked, id=18496, stack(0x00000039dd200000,0x00000039dd300000)]
  0x000002086750d440 JavaThread "Cache worker for Build Output Cleanup Cache (C:\Users\lucyc\santiago-group\.gradle\buildOutputCleanup)" [_thread_blocked, id=2336, stack(0x00000039dd300000,0x00000039dd400000)]
  0x000002086750e430 JavaThread "Unconstrained build operations" [_thread_blocked, id=5996, stack(0x00000039dd400000,0x00000039dd500000)]
  0x0000020867509480 JavaThread "Unconstrained build operations Thread 2" [_thread_blocked, id=15168, stack(0x00000039dd500000,0x00000039dd600000)]
  0x000002086750b9b0 JavaThread "Unconstrained build operations Thread 3" [_thread_blocked, id=616, stack(0x00000039dd600000,0x00000039dd700000)]
  0x00000208675099d0 JavaThread "Unconstrained build operations Thread 4" [_thread_blocked, id=3744, stack(0x00000039dd700000,0x00000039dd800000)]
  0x000002086750a470 JavaThread "Unconstrained build operations Thread 5" [_thread_blocked, id=20832, stack(0x00000039dd800000,0x00000039dd900000)]
  0x000002086750f970 JavaThread "Unconstrained build operations Thread 6" [_thread_blocked, id=15156, stack(0x00000039dd900000,0x00000039dda00000)]
  0x0000020867510410 JavaThread "Memory manager" [_thread_blocked, id=15832, stack(0x00000039dda00000,0x00000039ddb00000)]
  0x000002086750af10 JavaThread "Execution worker for ':'" [_thread_blocked, id=3968, stack(0x00000039ddb00000,0x00000039ddc00000)]
  0x000002086750c9a0 JavaThread "Execution worker for ':' Thread 2" [_thread_blocked, id=1772, stack(0x00000039ddc00000,0x00000039ddd00000)]
  0x000002086750d990 JavaThread "Execution worker for ':' Thread 3" [_thread_blocked, id=18624, stack(0x00000039ddd00000,0x00000039dde00000)]
  0x000002086750cef0 JavaThread "Execution worker for ':' Thread 4" [_thread_blocked, id=11432, stack(0x00000039dde00000,0x00000039ddf00000)]
  0x000002086750e980 JavaThread "Execution worker for ':' Thread 5" [_thread_blocked, id=20316, stack(0x00000039ddf00000,0x00000039de000000)]
  0x000002086750eed0 JavaThread "Execution worker for ':' Thread 6" [_thread_blocked, id=10168, stack(0x00000039de000000,0x00000039de100000)]
  0x000002086750f420 JavaThread "Execution worker for ':' Thread 7" [_thread_blocked, id=21012, stack(0x00000039de100000,0x00000039de200000)]
  0x00000208637ef370 JavaThread "Cache worker for execution history cache (C:\Users\lucyc\santiago-group\.gradle\7.3.1\executionHistory)" [_thread_blocked, id=12640, stack(0x00000039de200000,0x00000039de300000)]
  0x00000208637f3dd0 JavaThread "Unconstrained build operations Thread 7" [_thread_blocked, id=12796, stack(0x00000039de400000,0x00000039de500000)]
  0x00000208637f5310 JavaThread "Unconstrained build operations Thread 8" [_thread_blocked, id=19848, stack(0x00000039de500000,0x00000039de600000)]
  0x00000208637f0360 JavaThread "Unconstrained build operations Thread 9" [_thread_blocked, id=14420, stack(0x00000039de600000,0x00000039de700000)]
  0x00000208637f4870 JavaThread "Unconstrained build operations Thread 10" [_thread_blocked, id=11500, stack(0x00000039de700000,0x00000039de800000)]
  0x00000208637f4320 JavaThread "Unconstrained build operations Thread 11" [_thread_blocked, id=18608, stack(0x00000039de800000,0x00000039de900000)]
  0x00000208637ef8c0 JavaThread "Unconstrained build operations Thread 12" [_thread_blocked, id=3808, stack(0x00000039de900000,0x00000039dea00000)]
  0x00000208637eee20 JavaThread "Unconstrained build operations Thread 13" [_thread_blocked, id=17496, stack(0x00000039dea00000,0x00000039deb00000)]
  0x00000208637f6300 JavaThread "Unconstrained build operations Thread 14" [_thread_blocked, id=16348, stack(0x00000039deb00000,0x00000039dec00000)]
  0x00000208637f6850 JavaThread "Unconstrained build operations Thread 15" [_thread_blocked, id=21732, stack(0x00000039dec00000,0x00000039ded00000)]
  0x00000208637f2de0 JavaThread "Unconstrained build operations Thread 16" [_thread_blocked, id=22244, stack(0x00000039ded00000,0x00000039dee00000)]
  0x00000208637f1350 JavaThread "Unconstrained build operations Thread 17" [_thread_blocked, id=21760, stack(0x00000039dee00000,0x00000039def00000)]
  0x00000208637f1df0 JavaThread "Unconstrained build operations Thread 18" [_thread_blocked, id=8892, stack(0x00000039def00000,0x00000039df000000)]
  0x00000208637f18a0 JavaThread "Unconstrained build operations Thread 19" [_thread_blocked, id=15300, stack(0x00000039df000000,0x00000039df100000)]
  0x00000208637f4dc0 JavaThread "Unconstrained build operations Thread 20" [_thread_blocked, id=2204, stack(0x00000039df100000,0x00000039df200000)]
  0x00000208637f2340 JavaThread "Unconstrained build operations Thread 21" [_thread_blocked, id=7104, stack(0x00000039df200000,0x00000039df300000)]
  0x00000208637f5860 JavaThread "Unconstrained build operations Thread 22" [_thread_blocked, id=21620, stack(0x00000039df300000,0x00000039df400000)]
  0x00000208637f3330 JavaThread "Unconstrained build operations Thread 23" [_thread_blocked, id=9488, stack(0x00000039df400000,0x00000039df500000)]
  0x00000208637f5db0 JavaThread "Unconstrained build operations Thread 24" [_thread_blocked, id=17360, stack(0x00000039df500000,0x00000039df600000)]
  0x00000208637f08b0 JavaThread "Unconstrained build operations Thread 25" [_thread_blocked, id=19140, stack(0x00000039df600000,0x00000039df700000)]
  0x00000208637efe10 JavaThread "Unconstrained build operations Thread 26" [_thread_blocked, id=6336, stack(0x00000039df700000,0x00000039df800000)]
  0x00000208637f0e00 JavaThread "Unconstrained build operations Thread 27" [_thread_blocked, id=10784, stack(0x00000039df800000,0x00000039df900000)]
  0x00000208637f2890 JavaThread "Unconstrained build operations Thread 28" [_thread_blocked, id=5176, stack(0x00000039df900000,0x00000039dfa00000)]
  0x00000208637f3880 JavaThread "Unconstrained build operations Thread 29" [_thread_blocked, id=20308, stack(0x00000039dfa00000,0x00000039dfb00000)]
  0x0000020866c77b30 JavaThread "Unconstrained build operations Thread 30" [_thread_blocked, id=20840, stack(0x00000039dfb00000,0x00000039dfc00000)]
  0x0000020866c79070 JavaThread "Unconstrained build operations Thread 31" [_thread_blocked, id=2396, stack(0x00000039dfc00000,0x00000039dfd00000)]
  0x0000020866c7b050 JavaThread "Unconstrained build operations Thread 32" [_thread_blocked, id=18160, stack(0x00000039dfd00000,0x00000039dfe00000)]
  0x0000020866c78b20 JavaThread "Unconstrained build operations Thread 33" [_thread_blocked, id=19484, stack(0x00000039dfe00000,0x00000039dff00000)]
  0x0000020866c78080 JavaThread "Unconstrained build operations Thread 34" [_thread_blocked, id=5892, stack(0x00000039dff00000,0x00000039e0000000)]
  0x0000020866c765f0 JavaThread "Unconstrained build operations Thread 35" [_thread_blocked, id=11132, stack(0x00000039e0000000,0x00000039e0100000)]
  0x0000020866c7b5a0 JavaThread "Unconstrained build operations Thread 36" [_thread_blocked, id=13848, stack(0x00000039e0100000,0x00000039e0200000)]
  0x0000020866c7baf0 JavaThread "Unconstrained build operations Thread 37" [_thread_blocked, id=1736, stack(0x00000039e0200000,0x00000039e0300000)]
  0x0000020866c75600 JavaThread "Unconstrained build operations Thread 38" [_thread_blocked, id=12184, stack(0x00000039e0300000,0x00000039e0400000)]
  0x0000020866c775e0 JavaThread "Unconstrained build operations Thread 39" [_thread_blocked, id=20620, stack(0x00000039e0400000,0x00000039e0500000)]
  0x0000020866c750b0 JavaThread "Unconstrained build operations Thread 40" [_thread_blocked, id=11392, stack(0x00000039e0500000,0x00000039e0600000)]
  0x0000020866c740c0 JavaThread "Unconstrained build operations Thread 41" [_thread_blocked, id=14596, stack(0x00000039e0600000,0x00000039e0700000)]
  0x0000020866c75b50 JavaThread "Unconstrained build operations Thread 42" [_thread_blocked, id=20500, stack(0x00000039e0700000,0x00000039e0800000)]
  0x0000020866c7ab00 JavaThread "Unconstrained build operations Thread 43" [_thread_blocked, id=12060, stack(0x00000039e0800000,0x00000039e0900000)]
  0x0000020866c7a060 JavaThread "Unconstrained build operations Thread 44" [_thread_blocked, id=6332, stack(0x00000039e0900000,0x00000039e0a00000)]
  0x0000020866c785d0 JavaThread "Unconstrained build operations Thread 45" [_thread_blocked, id=19548, stack(0x00000039e0a00000,0x00000039e0b00000)]
  0x0000020866c760a0 JavaThread "Unconstrained build operations Thread 46" [_thread_blocked, id=13640, stack(0x00000039e0b00000,0x00000039e0c00000)]
  0x0000020866c74610 JavaThread "Unconstrained build operations Thread 47" [_thread_blocked, id=20660, stack(0x00000039e0c00000,0x00000039e0d00000)]
  0x0000020866c795c0 JavaThread "Unconstrained build operations Thread 48" [_thread_blocked, id=4564, stack(0x00000039e0d00000,0x00000039e0e00000)]
  0x0000020866c76b40 JavaThread "Unconstrained build operations Thread 49" [_thread_blocked, id=2704, stack(0x00000039e0e00000,0x00000039e0f00000)]
  0x0000020866c79b10 JavaThread "Unconstrained build operations Thread 50" [_thread_blocked, id=18320, stack(0x00000039e0f00000,0x00000039e1000000)]
  0x0000020866c74b60 JavaThread "Unconstrained build operations Thread 51" [_thread_blocked, id=18168, stack(0x00000039e1000000,0x00000039e1100000)]
  0x0000020869f31f60 JavaThread "Unconstrained build operations Thread 52" [_thread_blocked, id=18004, stack(0x00000039e1100000,0x00000039e1200000)]
  0x0000020869f36f10 JavaThread "Unconstrained build operations Thread 53" [_thread_blocked, id=10616, stack(0x00000039e1200000,0x00000039e1300000)]
  0x0000020869f30a20 JavaThread "Unconstrained build operations Thread 54" [_thread_blocked, id=6236, stack(0x00000039e1300000,0x00000039e1400000)]
  0x0000020869f369c0 JavaThread "Unconstrained build operations Thread 55" [_thread_blocked, id=2680, stack(0x00000039e1400000,0x00000039e1500000)]
  0x0000020869f30f70 JavaThread "Unconstrained build operations Thread 56" [_thread_blocked, id=5060, stack(0x00000039e1500000,0x00000039e1600000)]
  0x0000020869f37460 JavaThread "Unconstrained build operations Thread 57" [_thread_blocked, id=22024, stack(0x00000039e1600000,0x00000039e1700000)]
  0x0000020869f34f30 JavaThread "Unconstrained build operations Thread 58" [_thread_blocked, id=10232, stack(0x00000039e1700000,0x00000039e1800000)]
  0x0000020869f34490 JavaThread "Unconstrained build operations Thread 59" [_thread_blocked, id=9560, stack(0x00000039e1800000,0x00000039e1900000)]
  0x0000020869f32a00 JavaThread "Unconstrained build operations Thread 60" [_thread_blocked, id=7320, stack(0x00000039e1900000,0x00000039e1a00000)]
  0x0000020869f35f20 JavaThread "Unconstrained build operations Thread 61" [_thread_blocked, id=14820, stack(0x00000039e1a00000,0x00000039e1b00000)]
  0x0000020869f314c0 JavaThread "Unconstrained build operations Thread 62" [_thread_blocked, id=6112, stack(0x00000039e1b00000,0x00000039e1c00000)]
  0x0000020869f36470 JavaThread "Unconstrained build operations Thread 63" [_thread_blocked, id=6868, stack(0x00000039e1c00000,0x00000039e1d00000)]
  0x0000020869f32f50 JavaThread "Unconstrained build operations Thread 64" [_thread_blocked, id=2188, stack(0x00000039e1d00000,0x00000039e1e00000)]
  0x0000020869f334a0 JavaThread "Unconstrained build operations Thread 65" [_thread_blocked, id=12904, stack(0x00000039e1e00000,0x00000039e1f00000)]
  0x0000020869f339f0 JavaThread "Unconstrained build operations Thread 66" [_thread_blocked, id=17320, stack(0x00000039e1f00000,0x00000039e2000000)]
  0x0000020869f379b0 JavaThread "Unconstrained build operations Thread 67" [_thread_blocked, id=14732, stack(0x00000039e2000000,0x00000039e2100000)]
  0x0000020869f31a10 JavaThread "Unconstrained build operations Thread 68" [_thread_blocked, id=11936, stack(0x00000039e2100000,0x00000039e2200000)]
  0x0000020869f2ff80 JavaThread "Unconstrained build operations Thread 69" [_thread_blocked, id=13508, stack(0x00000039e2200000,0x00000039e2300000)]
  0x0000020869f304d0 JavaThread "Unconstrained build operations Thread 70" [_thread_blocked, id=15504, stack(0x00000039e2300000,0x00000039e2400000)]
  0x0000020869f324b0 JavaThread "Unconstrained build operations Thread 71" [_thread_blocked, id=10276, stack(0x00000039e2400000,0x00000039e2500000)]
  0x0000020869f33f40 JavaThread "Unconstrained build operations Thread 72" [_thread_blocked, id=20272, stack(0x00000039e2500000,0x00000039e2600000)]
  0x0000020869f349e0 JavaThread "Unconstrained build operations Thread 73" [_thread_blocked, id=17372, stack(0x00000039e2600000,0x00000039e2700000)]
  0x0000020869f35480 JavaThread "Unconstrained build operations Thread 74" [_thread_blocked, id=15384, stack(0x00000039e2700000,0x00000039e2800000)]
  0x0000020869f359d0 JavaThread "Unconstrained build operations Thread 75" [_thread_blocked, id=2656, stack(0x00000039e2800000,0x00000039e2900000)]
  0x00000208643ed380 JavaThread "Unconstrained build operations Thread 76" [_thread_blocked, id=15580, stack(0x00000039e2900000,0x00000039e2a00000)]
  0x00000208643ea3b0 JavaThread "Unconstrained build operations Thread 77" [_thread_blocked, id=20680, stack(0x00000039e2a00000,0x00000039e2b00000)]
  0x00000208643e9e60 JavaThread "Unconstrained build operations Thread 78" [_thread_blocked, id=18856, stack(0x00000039e2b00000,0x00000039e2c00000)]
  0x00000208643ebe40 JavaThread "Unconstrained build operations Thread 79" [_thread_blocked, id=5840, stack(0x00000039e2c00000,0x00000039e2d00000)]
  0x00000208643eb3a0 JavaThread "Unconstrained build operations Thread 80" [_thread_blocked, id=21436, stack(0x00000039e2d00000,0x00000039e2e00000)]
  0x00000208643eb8f0 JavaThread "Cache worker for Java compile cache (C:\Users\lucyc\.gradle\caches\7.3.1\javaCompile)" [_thread_blocked, id=19164, stack(0x00000039e2e00000,0x00000039e2f00000)]
  0x00000208643ece30 JavaThread "Build operations" [_thread_blocked, id=10644, stack(0x00000039e2f00000,0x00000039e3000000)]
  0x00000208643eae50 JavaThread "Build operations Thread 2" [_thread_blocked, id=12280, stack(0x00000039e3000000,0x00000039e3100000)]
  0x00000208643ec390 JavaThread "Build operations Thread 3" [_thread_blocked, id=2460, stack(0x00000039e3100000,0x00000039e3200000)]
  0x00000208643ec8e0 JavaThread "Build operations Thread 4" [_thread_blocked, id=5936, stack(0x00000039e3200000,0x00000039e3300000)]
  0x0000020864a5b610 JavaThread "Build operations Thread 5" [_thread_blocked, id=18604, stack(0x00000039e3300000,0x00000039e3400000)]
  0x0000020864a56660 JavaThread "Build operations Thread 6" [_thread_blocked, id=20648, stack(0x00000039e3400000,0x00000039e3500000)]
  0x0000020864a56bb0 JavaThread "Build operations Thread 7" [_thread_blocked, id=16400, stack(0x00000039e3500000,0x00000039e3600000)]
  0x0000020864a56110 JavaThread "Build operations Thread 8" [_thread_blocked, id=3020, stack(0x00000039e3600000,0x00000039e3700000)]
  0x0000020861bf4210 JavaThread "C2 CompilerThread2" daemon [_thread_in_native, id=19744, stack(0x00000039dac00000,0x00000039dad00000)]
  0x0000020864a5bb60 JavaThread "Exec process" [_thread_in_native, id=8248, stack(0x00000039e3700000,0x00000039e3800000)]
  0x0000020864a5a620 JavaThread "DisconnectableInputStream source reader" daemon [_thread_blocked, id=13492, stack(0x00000039e3800000,0x00000039e3900000)]
  0x0000020864a55670 JavaThread "Exec process Thread 2" [_thread_blocked, id=20096, stack(0x00000039e3900000,0x00000039e3a00000)]
  0x0000020864a580f0 JavaThread "Exec process Thread 3" [_thread_in_native, id=4728, stack(0x00000039e3a00000,0x00000039e3b00000)]
  0x0000020864a5a0d0 JavaThread "Exec process Thread 4" [_thread_in_native, id=14860, stack(0x00000039e3b00000,0x00000039e3c00000)]

Other Threads:
  0x0000020860a74db0 VMThread "VM Thread" [stack: 0x00000039d9b00000,0x00000039d9c00000] [id=19048]
  0x000002086156ae50 WatcherThread [stack: 0x00000039daa00000,0x00000039dab00000] [id=11940]
  0x00000208462c68e0 GCTaskThread "GC Thread#0" [stack: 0x00000039d9600000,0x00000039d9700000] [id=12512]
  0x00000208621a8370 GCTaskThread "GC Thread#1" [stack: 0x00000039dad00000,0x00000039dae00000] [id=11624]
  0x00000208621a8680 GCTaskThread "GC Thread#2" [stack: 0x00000039dae00000,0x00000039daf00000] [id=15356]
  0x00000208620588e0 GCTaskThread "GC Thread#3" [stack: 0x00000039daf00000,0x00000039db000000] [id=19236]
  0x00000208622f4e40 GCTaskThread "GC Thread#4" [stack: 0x00000039db000000,0x00000039db100000] [id=6504]
  0x00000208622f58f0 GCTaskThread "GC Thread#5" [stack: 0x00000039db100000,0x00000039db200000] [id=14568]
  0x0000020862137480 GCTaskThread "GC Thread#6" [stack: 0x00000039db200000,0x00000039db300000] [id=13572]
  0x0000020862092b20 GCTaskThread "GC Thread#7" [stack: 0x00000039db300000,0x00000039db400000] [id=4568]
  0x00000208462cc7e0 ConcurrentGCThread "G1 Main Marker" [stack: 0x00000039d9700000,0x00000039d9800000] [id=10768]
  0x00000208462cd080 ConcurrentGCThread "G1 Conc#0" [stack: 0x00000039d9800000,0x00000039d9900000] [id=18476]
  0x0000020862dbac80 ConcurrentGCThread "G1 Conc#1" [stack: 0x00000039dc700000,0x00000039dc800000] [id=18260]
  0x000002084637e970 ConcurrentGCThread "G1 Refine#0" [stack: 0x00000039d9900000,0x00000039d9a00000] [id=5556]
  0x0000020866fcc710 ConcurrentGCThread "G1 Refine#1" [stack: 0x00000039de300000,0x00000039de400000] [id=16568]
  0x0000020860932530 ConcurrentGCThread "G1 Service" [stack: 0x00000039d9a00000,0x00000039d9b00000] [id=20588]

Threads with active compile tasks:
C2 CompilerThread0    11752 9039       4       io.spring.gradle.dependencymanagement.org.apache.maven.model.interpolation.ProblemDetectingValueSource::getValue (131 bytes)
C2 CompilerThread1    11752 9126       4       groovy.lang.MetaClassImpl::inheritInterfaceNewMetaMethods (195 bytes)
C2 CompilerThread2    11752 8904   !   4       java.security.AccessController::doPrivileged (26 bytes)

VM state: not at safepoint (normal execution)

VM Mutex/Monitor currently owned by a thread: None

Heap address: 0x00000000e0000000, size: 512 MB, Compressed Oops mode: 32-bit

CDS archive(s) mapped at: [0x0000000800000000-0x0000000800bb0000-0x0000000800bb0000), size 12255232, SharedBaseAddress: 0x0000000800000000, ArchiveRelocationMode: 0.
Compressed class space mapped at: 0x0000000800c00000-0x000000080dc00000, reserved size: 218103808
Narrow klass base: 0x0000000800000000, Narrow klass shift: 3, Narrow klass range: 0x100000000

GC Precious Log:
 CPUs: 8 total, 8 available
 Memory: 16214M
 Large Page Support: Disabled
 NUMA Support: Disabled
 Compressed Oops: Enabled (32-bit)
 Heap Region Size: 1M
 Heap Min Capacity: 256M
 Heap Initial Capacity: 256M
 Heap Max Capacity: 512M
 Pre-touch: Disabled
 Parallel Workers: 8
 Concurrent Workers: 2
 Concurrent Refinement Workers: 8
 Periodic GC: Disabled

Heap:
 garbage-first heap   total 262144K, used 117420K [0x00000000e0000000, 0x0000000100000000)
  region size 1024K, 53 young (54272K), 16 survivors (16384K)
 Metaspace       used 59845K, committed 60416K, reserved 270336K
  class space    used 8070K, committed 8320K, reserved 212992K

Heap Regions: E=young(eden), S=young(survivor), O=old, HS=humongous(starts), HC=humongous(continues), CS=collection set, F=free, OA=open archive, CA=closed archive, TAMS=top-at-mark-start (previous, next)
|   0|0x00000000e0000000, 0x00000000e0100000, 0x00000000e0100000|100%| O|  |TAMS 0x00000000e0100000, 0x00000000e0000000| Untracked 
|   1|0x00000000e0100000, 0x00000000e0200000, 0x00000000e0200000|100%| O|  |TAMS 0x00000000e0200000, 0x00000000e0100000| Untracked 
|   2|0x00000000e0200000, 0x00000000e0300000, 0x00000000e0300000|100%| O|  |TAMS 0x00000000e0300000, 0x00000000e0200000| Untracked 
|   3|0x00000000e0300000, 0x00000000e0400000, 0x00000000e0400000|100%|HS|  |TAMS 0x00000000e0400000, 0x00000000e0300000| Complete 
|   4|0x00000000e0400000, 0x00000000e0500000, 0x00000000e0500000|100%|HC|  |TAMS 0x00000000e0500000, 0x00000000e0400000| Complete 
|   5|0x00000000e0500000, 0x00000000e0600000, 0x00000000e0600000|100%|HC|  |TAMS 0x00000000e0600000, 0x00000000e0500000| Complete 
|   6|0x00000000e0600000, 0x00000000e0700000, 0x00000000e0700000|100%| O|  |TAMS 0x00000000e0700000, 0x00000000e0600000| Untracked 
|   7|0x00000000e0700000, 0x00000000e0800000, 0x00000000e0800000|100%| O|  |TAMS 0x00000000e0800000, 0x00000000e0700000| Untracked 
|   8|0x00000000e0800000, 0x00000000e0900000, 0x00000000e0900000|100%| O|  |TAMS 0x00000000e0900000, 0x00000000e0800000| Untracked 
|   9|0x00000000e0900000, 0x00000000e0a00000, 0x00000000e0a00000|100%| O|  |TAMS 0x00000000e0a00000, 0x00000000e0900000| Untracked 
|  10|0x00000000e0a00000, 0x00000000e0b00000, 0x00000000e0b00000|100%| O|  |TAMS 0x00000000e0b00000, 0x00000000e0a00000| Untracked 
|  11|0x00000000e0b00000, 0x00000000e0c00000, 0x00000000e0c00000|100%| O|  |TAMS 0x00000000e0c00000, 0x00000000e0b00000| Untracked 
|  12|0x00000000e0c00000, 0x00000000e0d00000, 0x00000000e0d00000|100%| O|  |TAMS 0x00000000e0d00000, 0x00000000e0c00000| Untracked 
|  13|0x00000000e0d00000, 0x00000000e0e00000, 0x00000000e0e00000|100%| O|  |TAMS 0x00000000e0e00000, 0x00000000e0d00000| Untracked 
|  14|0x00000000e0e00000, 0x00000000e0f00000, 0x00000000e0f00000|100%| O|  |TAMS 0x00000000e0f00000, 0x00000000e0e00000| Untracked 
|  15|0x00000000e0f00000, 0x00000000e1000000, 0x00000000e1000000|100%| O|  |TAMS 0x00000000e1000000, 0x00000000e0f00000| Untracked 
|  16|0x00000000e1000000, 0x00000000e1100000, 0x00000000e1100000|100%| O|  |TAMS 0x00000000e1100000, 0x00000000e1000000| Untracked 
|  17|0x00000000e1100000, 0x00000000e1200000, 0x00000000e1200000|100%| O|  |TAMS 0x00000000e1200000, 0x00000000e1100000| Untracked 
|  18|0x00000000e1200000, 0x00000000e1300000, 0x00000000e1300000|100%| O|  |TAMS 0x00000000e1300000, 0x00000000e1200000| Untracked 
|  19|0x00000000e1300000, 0x00000000e1400000, 0x00000000e1400000|100%| O|  |TAMS 0x00000000e1400000, 0x00000000e1300000| Untracked 
|  20|0x00000000e1400000, 0x00000000e1500000, 0x00000000e1500000|100%| O|  |TAMS 0x00000000e1500000, 0x00000000e1400000| Untracked 
|  21|0x00000000e1500000, 0x00000000e1600000, 0x00000000e1600000|100%| O|  |TAMS 0x00000000e1600000, 0x00000000e1500000| Untracked 
|  22|0x00000000e1600000, 0x00000000e1700000, 0x00000000e1700000|100%| O|  |TAMS 0x00000000e1700000, 0x00000000e1600000| Untracked 
|  23|0x00000000e1700000, 0x00000000e1800000, 0x00000000e1800000|100%| O|  |TAMS 0x00000000e1800000, 0x00000000e1700000| Untracked 
|  24|0x00000000e1800000, 0x00000000e1900000, 0x00000000e1900000|100%| O|  |TAMS 0x00000000e1900000, 0x00000000e1800000| Untracked 
|  25|0x00000000e1900000, 0x00000000e1a00000, 0x00000000e1a00000|100%| O|  |TAMS 0x00000000e1a00000, 0x00000000e1900000| Untracked 
|  26|0x00000000e1a00000, 0x00000000e1b00000, 0x00000000e1b00000|100%| O|  |TAMS 0x00000000e1b00000, 0x00000000e1a00000| Untracked 
|  27|0x00000000e1b00000, 0x00000000e1c00000, 0x00000000e1c00000|100%| O|  |TAMS 0x00000000e1c00000, 0x00000000e1b00000| Untracked 
|  28|0x00000000e1c00000, 0x00000000e1d00000, 0x00000000e1d00000|100%| O|  |TAMS 0x00000000e1d00000, 0x00000000e1c00000| Untracked 
|  29|0x00000000e1d00000, 0x00000000e1e00000, 0x00000000e1e00000|100%| O|  |TAMS 0x00000000e1e00000, 0x00000000e1d00000| Untracked 
|  30|0x00000000e1e00000, 0x00000000e1f00000, 0x00000000e1f00000|100%| O|  |TAMS 0x00000000e1f00000, 0x00000000e1e00000| Untracked 
|  31|0x00000000e1f00000, 0x00000000e2000000, 0x00000000e2000000|100%| O|  |TAMS 0x00000000e2000000, 0x00000000e1f00000| Untracked 
|  32|0x00000000e2000000, 0x00000000e2100000, 0x00000000e2100000|100%| O|  |TAMS 0x00000000e2100000, 0x00000000e2000000| Untracked 
|  33|0x00000000e2100000, 0x00000000e2200000, 0x00000000e2200000|100%| O|  |TAMS 0x00000000e2200000, 0x00000000e2100000| Untracked 
|  34|0x00000000e2200000, 0x00000000e2300000, 0x00000000e2300000|100%| O|  |TAMS 0x00000000e2300000, 0x00000000e2200000| Untracked 
|  35|0x00000000e2300000, 0x00000000e2400000, 0x00000000e2400000|100%| O|  |TAMS 0x00000000e2400000, 0x00000000e2300000| Untracked 
|  36|0x00000000e2400000, 0x00000000e2500000, 0x00000000e2500000|100%| O|  |TAMS 0x00000000e2500000, 0x00000000e2400000| Untracked 
|  37|0x00000000e2500000, 0x00000000e2600000, 0x00000000e2600000|100%| O|  |TAMS 0x00000000e2600000, 0x00000000e2500000| Untracked 
|  38|0x00000000e2600000, 0x00000000e2700000, 0x00000000e2700000|100%| O|  |TAMS 0x00000000e2700000, 0x00000000e2600000| Untracked 
|  39|0x00000000e2700000, 0x00000000e2800000, 0x00000000e2800000|100%| O|  |TAMS 0x00000000e2800000, 0x00000000e2700000| Untracked 
|  40|0x00000000e2800000, 0x00000000e2800000, 0x00000000e2900000|  0%| F|  |TAMS 0x00000000e2800000, 0x00000000e2800000| Untracked 
|  41|0x00000000e2900000, 0x00000000e2a00000, 0x00000000e2a00000|100%| O|  |TAMS 0x00000000e29c7e00, 0x00000000e2900000| Untracked 
|  42|0x00000000e2a00000, 0x00000000e2b00000, 0x00000000e2b00000|100%|HS|  |TAMS 0x00000000e2b00000, 0x00000000e2a00000| Complete 
|  43|0x00000000e2b00000, 0x00000000e2c00000, 0x00000000e2c00000|100%|HS|  |TAMS 0x00000000e2c00000, 0x00000000e2b00000| Complete 
|  44|0x00000000e2c00000, 0x00000000e2d00000, 0x00000000e2d00000|100%| O|  |TAMS 0x00000000e2c00000, 0x00000000e2c00000| Untracked 
|  45|0x00000000e2d00000, 0x00000000e2e00000, 0x00000000e2e00000|100%| O|  |TAMS 0x00000000e2d00000, 0x00000000e2d00000| Untracked 
|  46|0x00000000e2e00000, 0x00000000e2f00000, 0x00000000e2f00000|100%| O|  |TAMS 0x00000000e2e00000, 0x00000000e2e00000| Untracked 
|  47|0x00000000e2f00000, 0x00000000e3000000, 0x00000000e3000000|100%| O|  |TAMS 0x00000000e2f00000, 0x00000000e2f00000| Untracked 
|  48|0x00000000e3000000, 0x00000000e3100000, 0x00000000e3100000|100%| O|  |TAMS 0x00000000e3000000, 0x00000000e3000000| Untracked 
|  49|0x00000000e3100000, 0x00000000e3200000, 0x00000000e3200000|100%| O|  |TAMS 0x00000000e3100000, 0x00000000e3100000| Untracked 
|  50|0x00000000e3200000, 0x00000000e3300000, 0x00000000e3300000|100%| O|  |TAMS 0x00000000e3200000, 0x00000000e3200000| Untracked 
|  51|0x00000000e3300000, 0x00000000e3400000, 0x00000000e3400000|100%| O|  |TAMS 0x00000000e3300000, 0x00000000e3300000| Untracked 
|  52|0x00000000e3400000, 0x00000000e3500000, 0x00000000e3500000|100%| O|  |TAMS 0x00000000e3400000, 0x00000000e3400000| Untracked 
|  53|0x00000000e3500000, 0x00000000e3600000, 0x00000000e3600000|100%| O|  |TAMS 0x00000000e3500000, 0x00000000e3500000| Untracked 
|  54|0x00000000e3600000, 0x00000000e3700000, 0x00000000e3700000|100%| O|  |TAMS 0x00000000e3600000, 0x00000000e3600000| Untracked 
|  55|0x00000000e3700000, 0x00000000e3800000, 0x00000000e3800000|100%| O|  |TAMS 0x00000000e3700000, 0x00000000e3700000| Untracked 
|  56|0x00000000e3800000, 0x00000000e3900000, 0x00000000e3900000|100%| O|  |TAMS 0x00000000e3800000, 0x00000000e3800000| Untracked 
|  57|0x00000000e3900000, 0x00000000e3a00000, 0x00000000e3a00000|100%| O|  |TAMS 0x00000000e3900000, 0x00000000e3900000| Untracked 
|  58|0x00000000e3a00000, 0x00000000e3b00000, 0x00000000e3b00000|100%| O|  |TAMS 0x00000000e3a00000, 0x00000000e3a00000| Untracked 
|  59|0x00000000e3b00000, 0x00000000e3c00000, 0x00000000e3c00000|100%| O|  |TAMS 0x00000000e3b00000, 0x00000000e3b00000| Untracked 
|  60|0x00000000e3c00000, 0x00000000e3d00000, 0x00000000e3d00000|100%| O|  |TAMS 0x00000000e3c00000, 0x00000000e3c00000| Untracked 
|  61|0x00000000e3d00000, 0x00000000e3e00000, 0x00000000e3e00000|100%| O|  |TAMS 0x00000000e3d00000, 0x00000000e3d00000| Untracked 
|  62|0x00000000e3e00000, 0x00000000e3f00000, 0x00000000e3f00000|100%| O|  |TAMS 0x00000000e3e00000, 0x00000000e3e00000| Untracked 
|  63|0x00000000e3f00000, 0x00000000e3fcfc00, 0x00000000e4000000| 81%| O|  |TAMS 0x00000000e3f00000, 0x00000000e3f00000| Untracked 
|  64|0x00000000e4000000, 0x00000000e4000000, 0x00000000e4100000|  0%| F|  |TAMS 0x00000000e4000000, 0x00000000e4000000| Untracked 
|  65|0x00000000e4100000, 0x00000000e4100000, 0x00000000e4200000|  0%| F|  |TAMS 0x00000000e4100000, 0x00000000e4100000| Untracked 
|  66|0x00000000e4200000, 0x00000000e4200000, 0x00000000e4300000|  0%| F|  |TAMS 0x00000000e4200000, 0x00000000e4200000| Untracked 
|  67|0x00000000e4300000, 0x00000000e4300000, 0x00000000e4400000|  0%| F|  |TAMS 0x00000000e4300000, 0x00000000e4300000| Untracked 
|  68|0x00000000e4400000, 0x00000000e4400000, 0x00000000e4500000|  0%| F|  |TAMS 0x00000000e4400000, 0x00000000e4400000| Untracked 
|  69|0x00000000e4500000, 0x00000000e4500000, 0x00000000e4600000|  0%| F|  |TAMS 0x00000000e4500000, 0x00000000e4500000| Untracked 
|  70|0x00000000e4600000, 0x00000000e4600000, 0x00000000e4700000|  0%| F|  |TAMS 0x00000000e4600000, 0x00000000e4600000| Untracked 
|  71|0x00000000e4700000, 0x00000000e4700000, 0x00000000e4800000|  0%| F|  |TAMS 0x00000000e4700000, 0x00000000e4700000| Untracked 
|  72|0x00000000e4800000, 0x00000000e4800000, 0x00000000e4900000|  0%| F|  |TAMS 0x00000000e4800000, 0x00000000e4800000| Untracked 
|  73|0x00000000e4900000, 0x00000000e4900000, 0x00000000e4a00000|  0%| F|  |TAMS 0x00000000e4900000, 0x00000000e4900000| Untracked 
|  74|0x00000000e4a00000, 0x00000000e4a00000, 0x00000000e4b00000|  0%| F|  |TAMS 0x00000000e4a00000, 0x00000000e4a00000| Untracked 
|  75|0x00000000e4b00000, 0x00000000e4b00000, 0x00000000e4c00000|  0%| F|  |TAMS 0x00000000e4b00000, 0x00000000e4b00000| Untracked 
|  76|0x00000000e4c00000, 0x00000000e4c00000, 0x00000000e4d00000|  0%| F|  |TAMS 0x00000000e4c00000, 0x00000000e4c00000| Untracked 
|  77|0x00000000e4d00000, 0x00000000e4d00000, 0x00000000e4e00000|  0%| F|  |TAMS 0x00000000e4d00000, 0x00000000e4d00000| Untracked 
|  78|0x00000000e4e00000, 0x00000000e4e00000, 0x00000000e4f00000|  0%| F|  |TAMS 0x00000000e4e00000, 0x00000000e4e00000| Untracked 
|  79|0x00000000e4f00000, 0x00000000e4f00000, 0x00000000e5000000|  0%| F|  |TAMS 0x00000000e4f00000, 0x00000000e4f00000| Untracked 
|  80|0x00000000e5000000, 0x00000000e5000000, 0x00000000e5100000|  0%| F|  |TAMS 0x00000000e5000000, 0x00000000e5000000| Untracked 
|  81|0x00000000e5100000, 0x00000000e5100000, 0x00000000e5200000|  0%| F|  |TAMS 0x00000000e5100000, 0x00000000e5100000| Untracked 
|  82|0x00000000e5200000, 0x00000000e5200000, 0x00000000e5300000|  0%| F|  |TAMS 0x00000000e5200000, 0x00000000e5200000| Untracked 
|  83|0x00000000e5300000, 0x00000000e5300000, 0x00000000e5400000|  0%| F|  |TAMS 0x00000000e5300000, 0x00000000e5300000| Untracked 
|  84|0x00000000e5400000, 0x00000000e5400000, 0x00000000e5500000|  0%| F|  |TAMS 0x00000000e5400000, 0x00000000e5400000| Untracked 
|  85|0x00000000e5500000, 0x00000000e5500000, 0x00000000e5600000|  0%| F|  |TAMS 0x00000000e5500000, 0x00000000e5500000| Untracked 
|  86|0x00000000e5600000, 0x00000000e5600000, 0x00000000e5700000|  0%| F|  |TAMS 0x00000000e5600000, 0x00000000e5600000| Untracked 
|  87|0x00000000e5700000, 0x00000000e5700000, 0x00000000e5800000|  0%| F|  |TAMS 0x00000000e5700000, 0x00000000e5700000| Untracked 
|  88|0x00000000e5800000, 0x00000000e5800000, 0x00000000e5900000|  0%| F|  |TAMS 0x00000000e5800000, 0x00000000e5800000| Untracked 
|  89|0x00000000e5900000, 0x00000000e5900000, 0x00000000e5a00000|  0%| F|  |TAMS 0x00000000e5900000, 0x00000000e5900000| Untracked 
|  90|0x00000000e5a00000, 0x00000000e5a00000, 0x00000000e5b00000|  0%| F|  |TAMS 0x00000000e5a00000, 0x00000000e5a00000| Untracked 
|  91|0x00000000e5b00000, 0x00000000e5b00000, 0x00000000e5c00000|  0%| F|  |TAMS 0x00000000e5b00000, 0x00000000e5b00000| Untracked 
|  92|0x00000000e5c00000, 0x00000000e5c00000, 0x00000000e5d00000|  0%| F|  |TAMS 0x00000000e5c00000, 0x00000000e5c00000| Untracked 
|  93|0x00000000e5d00000, 0x00000000e5d00000, 0x00000000e5e00000|  0%| F|  |TAMS 0x00000000e5d00000, 0x00000000e5d00000| Untracked 
|  94|0x00000000e5e00000, 0x00000000e5e00000, 0x00000000e5f00000|  0%| F|  |TAMS 0x00000000e5e00000, 0x00000000e5e00000| Untracked 
|  95|0x00000000e5f00000, 0x00000000e5f00000, 0x00000000e6000000|  0%| F|  |TAMS 0x00000000e5f00000, 0x00000000e5f00000| Untracked 
|  96|0x00000000e6000000, 0x00000000e6000000, 0x00000000e6100000|  0%| F|  |TAMS 0x00000000e6000000, 0x00000000e6000000| Untracked 
|  97|0x00000000e6100000, 0x00000000e6100000, 0x00000000e6200000|  0%| F|  |TAMS 0x00000000e6100000, 0x00000000e6100000| Untracked 
|  98|0x00000000e6200000, 0x00000000e6200000, 0x00000000e6300000|  0%| F|  |TAMS 0x00000000e6200000, 0x00000000e6200000| Untracked 
|  99|0x00000000e6300000, 0x00000000e6300000, 0x00000000e6400000|  0%| F|  |TAMS 0x00000000e6300000, 0x00000000e6300000| Untracked 
| 100|0x00000000e6400000, 0x00000000e6400000, 0x00000000e6500000|  0%| F|  |TAMS 0x00000000e6400000, 0x00000000e6400000| Untracked 
| 101|0x00000000e6500000, 0x00000000e6500000, 0x00000000e6600000|  0%| F|  |TAMS 0x00000000e6500000, 0x00000000e6500000| Untracked 
| 102|0x00000000e6600000, 0x00000000e6600000, 0x00000000e6700000|  0%| F|  |TAMS 0x00000000e6600000, 0x00000000e6600000| Untracked 
| 103|0x00000000e6700000, 0x00000000e6700000, 0x00000000e6800000|  0%| F|  |TAMS 0x00000000e6700000, 0x00000000e6700000| Untracked 
| 104|0x00000000e6800000, 0x00000000e6800000, 0x00000000e6900000|  0%| F|  |TAMS 0x00000000e6800000, 0x00000000e6800000| Untracked 
| 105|0x00000000e6900000, 0x00000000e6900000, 0x00000000e6a00000|  0%| F|  |TAMS 0x00000000e6900000, 0x00000000e6900000| Untracked 
| 106|0x00000000e6a00000, 0x00000000e6a00000, 0x00000000e6b00000|  0%| F|  |TAMS 0x00000000e6a00000, 0x00000000e6a00000| Untracked 
| 107|0x00000000e6b00000, 0x00000000e6b00000, 0x00000000e6c00000|  0%| F|  |TAMS 0x00000000e6b00000, 0x00000000e6b00000| Untracked 
| 108|0x00000000e6c00000, 0x00000000e6c00000, 0x00000000e6d00000|  0%| F|  |TAMS 0x00000000e6c00000, 0x00000000e6c00000| Untracked 
| 109|0x00000000e6d00000, 0x00000000e6d00000, 0x00000000e6e00000|  0%| F|  |TAMS 0x00000000e6d00000, 0x00000000e6d00000| Untracked 
| 110|0x00000000e6e00000, 0x00000000e6e00000, 0x00000000e6f00000|  0%| F|  |TAMS 0x00000000e6e00000, 0x00000000e6e00000| Untracked 
| 111|0x00000000e6f00000, 0x00000000e6f00000, 0x00000000e7000000|  0%| F|  |TAMS 0x00000000e6f00000, 0x00000000e6f00000| Untracked 
| 112|0x00000000e7000000, 0x00000000e7000000, 0x00000000e7100000|  0%| F|  |TAMS 0x00000000e7000000, 0x00000000e7000000| Untracked 
| 113|0x00000000e7100000, 0x00000000e7100000, 0x00000000e7200000|  0%| F|  |TAMS 0x00000000e7100000, 0x00000000e7100000| Untracked 
| 114|0x00000000e7200000, 0x00000000e7200000, 0x00000000e7300000|  0%| F|  |TAMS 0x00000000e7200000, 0x00000000e7200000| Untracked 
| 115|0x00000000e7300000, 0x00000000e7300000, 0x00000000e7400000|  0%| F|  |TAMS 0x00000000e7300000, 0x00000000e7300000| Untracked 
| 116|0x00000000e7400000, 0x00000000e74db5a0, 0x00000000e7500000| 85%| S|CS|TAMS 0x00000000e7400000, 0x00000000e7400000| Complete 
| 117|0x00000000e7500000, 0x00000000e7600000, 0x00000000e7600000|100%| S|CS|TAMS 0x00000000e7500000, 0x00000000e7500000| Complete 
| 118|0x00000000e7600000, 0x00000000e7700000, 0x00000000e7700000|100%| S|CS|TAMS 0x00000000e7600000, 0x00000000e7600000| Complete 
| 119|0x00000000e7700000, 0x00000000e7800000, 0x00000000e7800000|100%| S|CS|TAMS 0x00000000e7700000, 0x00000000e7700000| Complete 
| 120|0x00000000e7800000, 0x00000000e7900000, 0x00000000e7900000|100%| S|CS|TAMS 0x00000000e7800000, 0x00000000e7800000| Complete 
| 121|0x00000000e7900000, 0x00000000e7a00000, 0x00000000e7a00000|100%| S|CS|TAMS 0x00000000e7900000, 0x00000000e7900000| Complete 
| 122|0x00000000e7a00000, 0x00000000e7b00000, 0x00000000e7b00000|100%| S|CS|TAMS 0x00000000e7a00000, 0x00000000e7a00000| Complete 
| 123|0x00000000e7b00000, 0x00000000e7c00000, 0x00000000e7c00000|100%| S|CS|TAMS 0x00000000e7b00000, 0x00000000e7b00000| Complete 
| 124|0x00000000e7c00000, 0x00000000e7d00000, 0x00000000e7d00000|100%| S|CS|TAMS 0x00000000e7c00000, 0x00000000e7c00000| Complete 
| 125|0x00000000e7d00000, 0x00000000e7e00000, 0x00000000e7e00000|100%| S|CS|TAMS 0x00000000e7d00000, 0x00000000e7d00000| Complete 
| 126|0x00000000e7e00000, 0x00000000e7f00000, 0x00000000e7f00000|100%| S|CS|TAMS 0x00000000e7e00000, 0x00000000e7e00000| Complete 
| 127|0x00000000e7f00000, 0x00000000e8000000, 0x00000000e8000000|100%| S|CS|TAMS 0x00000000e7f00000, 0x00000000e7f00000| Complete 
| 128|0x00000000e8000000, 0x00000000e8100000, 0x00000000e8100000|100%| S|CS|TAMS 0x00000000e8000000, 0x00000000e8000000| Complete 
| 129|0x00000000e8100000, 0x00000000e8200000, 0x00000000e8200000|100%| S|CS|TAMS 0x00000000e8100000, 0x00000000e8100000| Complete 
| 130|0x00000000e8200000, 0x00000000e8300000, 0x00000000e8300000|100%| S|CS|TAMS 0x00000000e8200000, 0x00000000e8200000| Complete 
| 131|0x00000000e8300000, 0x00000000e8400000, 0x00000000e8400000|100%| S|CS|TAMS 0x00000000e8300000, 0x00000000e8300000| Complete 
| 132|0x00000000e8400000, 0x00000000e8400000, 0x00000000e8500000|  0%| F|  |TAMS 0x00000000e8400000, 0x00000000e8400000| Untracked 
| 133|0x00000000e8500000, 0x00000000e8500000, 0x00000000e8600000|  0%| F|  |TAMS 0x00000000e8500000, 0x00000000e8500000| Untracked 
| 134|0x00000000e8600000, 0x00000000e8600000, 0x00000000e8700000|  0%| F|  |TAMS 0x00000000e8600000, 0x00000000e8600000| Untracked 
| 135|0x00000000e8700000, 0x00000000e8700000, 0x00000000e8800000|  0%| F|  |TAMS 0x00000000e8700000, 0x00000000e8700000| Untracked 
| 136|0x00000000e8800000, 0x00000000e8800000, 0x00000000e8900000|  0%| F|  |TAMS 0x00000000e8800000, 0x00000000e8800000| Untracked 
| 137|0x00000000e8900000, 0x00000000e8900000, 0x00000000e8a00000|  0%| F|  |TAMS 0x00000000e8900000, 0x00000000e8900000| Untracked 
| 138|0x00000000e8a00000, 0x00000000e8a00000, 0x00000000e8b00000|  0%| F|  |TAMS 0x00000000e8a00000, 0x00000000e8a00000| Untracked 
| 139|0x00000000e8b00000, 0x00000000e8b00000, 0x00000000e8c00000|  0%| F|  |TAMS 0x00000000e8b00000, 0x00000000e8b00000| Untracked 
| 140|0x00000000e8c00000, 0x00000000e8c00000, 0x00000000e8d00000|  0%| F|  |TAMS 0x00000000e8c00000, 0x00000000e8c00000| Untracked 
| 141|0x00000000e8d00000, 0x00000000e8d00000, 0x00000000e8e00000|  0%| F|  |TAMS 0x00000000e8d00000, 0x00000000e8d00000| Untracked 
| 142|0x00000000e8e00000, 0x00000000e8e00000, 0x00000000e8f00000|  0%| F|  |TAMS 0x00000000e8e00000, 0x00000000e8e00000| Untracked 
| 143|0x00000000e8f00000, 0x00000000e8f00000, 0x00000000e9000000|  0%| F|  |TAMS 0x00000000e8f00000, 0x00000000e8f00000| Untracked 
| 144|0x00000000e9000000, 0x00000000e9000000, 0x00000000e9100000|  0%| F|  |TAMS 0x00000000e9000000, 0x00000000e9000000| Untracked 
| 145|0x00000000e9100000, 0x00000000e9100000, 0x00000000e9200000|  0%| F|  |TAMS 0x00000000e9100000, 0x00000000e9100000| Untracked 
| 146|0x00000000e9200000, 0x00000000e9200000, 0x00000000e9300000|  0%| F|  |TAMS 0x00000000e9200000, 0x00000000e9200000| Untracked 
| 147|0x00000000e9300000, 0x00000000e9300000, 0x00000000e9400000|  0%| F|  |TAMS 0x00000000e9300000, 0x00000000e9300000| Untracked 
| 148|0x00000000e9400000, 0x00000000e9400000, 0x00000000e9500000|  0%| F|  |TAMS 0x00000000e9400000, 0x00000000e9400000| Untracked 
| 149|0x00000000e9500000, 0x00000000e9500000, 0x00000000e9600000|  0%| F|  |TAMS 0x00000000e9500000, 0x00000000e9500000| Untracked 
| 150|0x00000000e9600000, 0x00000000e9600000, 0x00000000e9700000|  0%| F|  |TAMS 0x00000000e9600000, 0x00000000e9600000| Untracked 
| 151|0x00000000e9700000, 0x00000000e9700000, 0x00000000e9800000|  0%| F|  |TAMS 0x00000000e9700000, 0x00000000e9700000| Untracked 
| 152|0x00000000e9800000, 0x00000000e9800000, 0x00000000e9900000|  0%| F|  |TAMS 0x00000000e9800000, 0x00000000e9800000| Untracked 
| 153|0x00000000e9900000, 0x00000000e9900000, 0x00000000e9a00000|  0%| F|  |TAMS 0x00000000e9900000, 0x00000000e9900000| Untracked 
| 154|0x00000000e9a00000, 0x00000000e9a00000, 0x00000000e9b00000|  0%| F|  |TAMS 0x00000000e9a00000, 0x00000000e9a00000| Untracked 
| 155|0x00000000e9b00000, 0x00000000e9b00000, 0x00000000e9c00000|  0%| F|  |TAMS 0x00000000e9b00000, 0x00000000e9b00000| Untracked 
| 156|0x00000000e9c00000, 0x00000000e9c00000, 0x00000000e9d00000|  0%| F|  |TAMS 0x00000000e9c00000, 0x00000000e9c00000| Untracked 
| 157|0x00000000e9d00000, 0x00000000e9d00000, 0x00000000e9e00000|  0%| F|  |TAMS 0x00000000e9d00000, 0x00000000e9d00000| Untracked 
| 158|0x00000000e9e00000, 0x00000000e9e00000, 0x00000000e9f00000|  0%| F|  |TAMS 0x00000000e9e00000, 0x00000000e9e00000| Untracked 
| 159|0x00000000e9f00000, 0x00000000e9f00000, 0x00000000ea000000|  0%| F|  |TAMS 0x00000000e9f00000, 0x00000000e9f00000| Untracked 
| 160|0x00000000ea000000, 0x00000000ea000000, 0x00000000ea100000|  0%| F|  |TAMS 0x00000000ea000000, 0x00000000ea000000| Untracked 
| 161|0x00000000ea100000, 0x00000000ea100000, 0x00000000ea200000|  0%| F|  |TAMS 0x00000000ea100000, 0x00000000ea100000| Untracked 
| 162|0x00000000ea200000, 0x00000000ea200000, 0x00000000ea300000|  0%| F|  |TAMS 0x00000000ea200000, 0x00000000ea200000| Untracked 
| 163|0x00000000ea300000, 0x00000000ea300000, 0x00000000ea400000|  0%| F|  |TAMS 0x00000000ea300000, 0x00000000ea300000| Untracked 
| 164|0x00000000ea400000, 0x00000000ea400000, 0x00000000ea500000|  0%| F|  |TAMS 0x00000000ea400000, 0x00000000ea400000| Untracked 
| 165|0x00000000ea500000, 0x00000000ea500000, 0x00000000ea600000|  0%| F|  |TAMS 0x00000000ea500000, 0x00000000ea500000| Untracked 
| 166|0x00000000ea600000, 0x00000000ea600000, 0x00000000ea700000|  0%| F|  |TAMS 0x00000000ea600000, 0x00000000ea600000| Untracked 
| 167|0x00000000ea700000, 0x00000000ea700000, 0x00000000ea800000|  0%| F|  |TAMS 0x00000000ea700000, 0x00000000ea700000| Untracked 
| 168|0x00000000ea800000, 0x00000000ea800000, 0x00000000ea900000|  0%| F|  |TAMS 0x00000000ea800000, 0x00000000ea800000| Untracked 
| 169|0x00000000ea900000, 0x00000000ea900000, 0x00000000eaa00000|  0%| F|  |TAMS 0x00000000ea900000, 0x00000000ea900000| Untracked 
| 170|0x00000000eaa00000, 0x00000000eaa00000, 0x00000000eab00000|  0%| F|  |TAMS 0x00000000eaa00000, 0x00000000eaa00000| Untracked 
| 171|0x00000000eab00000, 0x00000000eab00000, 0x00000000eac00000|  0%| F|  |TAMS 0x00000000eab00000, 0x00000000eab00000| Untracked 
| 172|0x00000000eac00000, 0x00000000eac00000, 0x00000000ead00000|  0%| F|  |TAMS 0x00000000eac00000, 0x00000000eac00000| Untracked 
| 173|0x00000000ead00000, 0x00000000ead00000, 0x00000000eae00000|  0%| F|  |TAMS 0x00000000ead00000, 0x00000000ead00000| Untracked 
| 174|0x00000000eae00000, 0x00000000eae00000, 0x00000000eaf00000|  0%| F|  |TAMS 0x00000000eae00000, 0x00000000eae00000| Untracked 
| 175|0x00000000eaf00000, 0x00000000eaf00000, 0x00000000eb000000|  0%| F|  |TAMS 0x00000000eaf00000, 0x00000000eaf00000| Untracked 
| 176|0x00000000eb000000, 0x00000000eb000000, 0x00000000eb100000|  0%| F|  |TAMS 0x00000000eb000000, 0x00000000eb000000| Untracked 
| 177|0x00000000eb100000, 0x00000000eb100000, 0x00000000eb200000|  0%| F|  |TAMS 0x00000000eb100000, 0x00000000eb100000| Untracked 
| 178|0x00000000eb200000, 0x00000000eb200000, 0x00000000eb300000|  0%| F|  |TAMS 0x00000000eb200000, 0x00000000eb200000| Untracked 
| 179|0x00000000eb300000, 0x00000000eb300000, 0x00000000eb400000|  0%| F|  |TAMS 0x00000000eb300000, 0x00000000eb300000| Untracked 
| 180|0x00000000eb400000, 0x00000000eb400000, 0x00000000eb500000|  0%| F|  |TAMS 0x00000000eb400000, 0x00000000eb400000| Untracked 
| 181|0x00000000eb500000, 0x00000000eb500000, 0x00000000eb600000|  0%| F|  |TAMS 0x00000000eb500000, 0x00000000eb500000| Untracked 
| 182|0x00000000eb600000, 0x00000000eb600000, 0x00000000eb700000|  0%| F|  |TAMS 0x00000000eb600000, 0x00000000eb600000| Untracked 
| 183|0x00000000eb700000, 0x00000000eb700000, 0x00000000eb800000|  0%| F|  |TAMS 0x00000000eb700000, 0x00000000eb700000| Untracked 
| 184|0x00000000eb800000, 0x00000000eb800000, 0x00000000eb900000|  0%| F|  |TAMS 0x00000000eb800000, 0x00000000eb800000| Untracked 
| 185|0x00000000eb900000, 0x00000000eb900000, 0x00000000eba00000|  0%| F|  |TAMS 0x00000000eb900000, 0x00000000eb900000| Untracked 
| 186|0x00000000eba00000, 0x00000000eba00000, 0x00000000ebb00000|  0%| F|  |TAMS 0x00000000eba00000, 0x00000000eba00000| Untracked 
| 187|0x00000000ebb00000, 0x00000000ebb00000, 0x00000000ebc00000|  0%| F|  |TAMS 0x00000000ebb00000, 0x00000000ebb00000| Untracked 
| 188|0x00000000ebc00000, 0x00000000ebc00000, 0x00000000ebd00000|  0%| F|  |TAMS 0x00000000ebc00000, 0x00000000ebc00000| Untracked 
| 189|0x00000000ebd00000, 0x00000000ebd00000, 0x00000000ebe00000|  0%| F|  |TAMS 0x00000000ebd00000, 0x00000000ebd00000| Untracked 
| 190|0x00000000ebe00000, 0x00000000ebe00000, 0x00000000ebf00000|  0%| F|  |TAMS 0x00000000ebe00000, 0x00000000ebe00000| Untracked 
| 191|0x00000000ebf00000, 0x00000000ebf00000, 0x00000000ec000000|  0%| F|  |TAMS 0x00000000ebf00000, 0x00000000ebf00000| Untracked 
| 192|0x00000000ec000000, 0x00000000ec000000, 0x00000000ec100000|  0%| F|  |TAMS 0x00000000ec000000, 0x00000000ec000000| Untracked 
| 193|0x00000000ec100000, 0x00000000ec100000, 0x00000000ec200000|  0%| F|  |TAMS 0x00000000ec100000, 0x00000000ec100000| Untracked 
| 194|0x00000000ec200000, 0x00000000ec200000, 0x00000000ec300000|  0%| F|  |TAMS 0x00000000ec200000, 0x00000000ec200000| Untracked 
| 195|0x00000000ec300000, 0x00000000ec300000, 0x00000000ec400000|  0%| F|  |TAMS 0x00000000ec300000, 0x00000000ec300000| Untracked 
| 196|0x00000000ec400000, 0x00000000ec400000, 0x00000000ec500000|  0%| F|  |TAMS 0x00000000ec400000, 0x00000000ec400000| Untracked 
| 197|0x00000000ec500000, 0x00000000ec500000, 0x00000000ec600000|  0%| F|  |TAMS 0x00000000ec500000, 0x00000000ec500000| Untracked 
| 198|0x00000000ec600000, 0x00000000ec600000, 0x00000000ec700000|  0%| F|  |TAMS 0x00000000ec600000, 0x00000000ec600000| Untracked 
| 199|0x00000000ec700000, 0x00000000ec700000, 0x00000000ec800000|  0%| F|  |TAMS 0x00000000ec700000, 0x00000000ec700000| Untracked 
| 200|0x00000000ec800000, 0x00000000ec800000, 0x00000000ec900000|  0%| F|  |TAMS 0x00000000ec800000, 0x00000000ec800000| Untracked 
| 201|0x00000000ec900000, 0x00000000ec900000, 0x00000000eca00000|  0%| F|  |TAMS 0x00000000ec900000, 0x00000000ec900000| Untracked 
| 202|0x00000000eca00000, 0x00000000eca00000, 0x00000000ecb00000|  0%| F|  |TAMS 0x00000000eca00000, 0x00000000eca00000| Untracked 
| 203|0x00000000ecb00000, 0x00000000ecb00000, 0x00000000ecc00000|  0%| F|  |TAMS 0x00000000ecb00000, 0x00000000ecb00000| Untracked 
| 204|0x00000000ecc00000, 0x00000000ecc00000, 0x00000000ecd00000|  0%| F|  |TAMS 0x00000000ecc00000, 0x00000000ecc00000| Untracked 
| 205|0x00000000ecd00000, 0x00000000ecd00000, 0x00000000ece00000|  0%| F|  |TAMS 0x00000000ecd00000, 0x00000000ecd00000| Untracked 
| 206|0x00000000ece00000, 0x00000000ece00000, 0x00000000ecf00000|  0%| F|  |TAMS 0x00000000ece00000, 0x00000000ece00000| Untracked 
| 207|0x00000000ecf00000, 0x00000000ecf00000, 0x00000000ed000000|  0%| F|  |TAMS 0x00000000ecf00000, 0x00000000ecf00000| Untracked 
| 208|0x00000000ed000000, 0x00000000ed000000, 0x00000000ed100000|  0%| F|  |TAMS 0x00000000ed000000, 0x00000000ed000000| Untracked 
| 209|0x00000000ed100000, 0x00000000ed100000, 0x00000000ed200000|  0%| F|  |TAMS 0x00000000ed100000, 0x00000000ed100000| Untracked 
| 210|0x00000000ed200000, 0x00000000ed200000, 0x00000000ed300000|  0%| F|  |TAMS 0x00000000ed200000, 0x00000000ed200000| Untracked 
| 211|0x00000000ed300000, 0x00000000ed300000, 0x00000000ed400000|  0%| F|  |TAMS 0x00000000ed300000, 0x00000000ed300000| Untracked 
| 212|0x00000000ed400000, 0x00000000ed400000, 0x00000000ed500000|  0%| F|  |TAMS 0x00000000ed400000, 0x00000000ed400000| Untracked 
| 213|0x00000000ed500000, 0x00000000ed500000, 0x00000000ed600000|  0%| F|  |TAMS 0x00000000ed500000, 0x00000000ed500000| Untracked 
| 214|0x00000000ed600000, 0x00000000ed600000, 0x00000000ed700000|  0%| F|  |TAMS 0x00000000ed600000, 0x00000000ed600000| Untracked 
| 215|0x00000000ed700000, 0x00000000ed700000, 0x00000000ed800000|  0%| F|  |TAMS 0x00000000ed700000, 0x00000000ed700000| Untracked 
| 216|0x00000000ed800000, 0x00000000ed800000, 0x00000000ed900000|  0%| F|  |TAMS 0x00000000ed800000, 0x00000000ed800000| Untracked 
| 217|0x00000000ed900000, 0x00000000ed900000, 0x00000000eda00000|  0%| F|  |TAMS 0x00000000ed900000, 0x00000000ed900000| Untracked 
| 218|0x00000000eda00000, 0x00000000eda00000, 0x00000000edb00000|  0%| F|  |TAMS 0x00000000eda00000, 0x00000000eda00000| Untracked 
| 219|0x00000000edb00000, 0x00000000edb76918, 0x00000000edc00000| 46%| E|  |TAMS 0x00000000edb00000, 0x00000000edb00000| Complete 
| 220|0x00000000edc00000, 0x00000000edd00000, 0x00000000edd00000|100%| E|CS|TAMS 0x00000000edc00000, 0x00000000edc00000| Complete 
| 221|0x00000000edd00000, 0x00000000ede00000, 0x00000000ede00000|100%| E|CS|TAMS 0x00000000edd00000, 0x00000000edd00000| Complete 
| 222|0x00000000ede00000, 0x00000000edf00000, 0x00000000edf00000|100%| E|CS|TAMS 0x00000000ede00000, 0x00000000ede00000| Complete 
| 223|0x00000000edf00000, 0x00000000ee000000, 0x00000000ee000000|100%| E|CS|TAMS 0x00000000edf00000, 0x00000000edf00000| Complete 
| 224|0x00000000ee000000, 0x00000000ee100000, 0x00000000ee100000|100%| E|CS|TAMS 0x00000000ee000000, 0x00000000ee000000| Complete 
| 225|0x00000000ee100000, 0x00000000ee200000, 0x00000000ee200000|100%| E|CS|TAMS 0x00000000ee100000, 0x00000000ee100000| Complete 
| 226|0x00000000ee200000, 0x00000000ee300000, 0x00000000ee300000|100%| E|CS|TAMS 0x00000000ee200000, 0x00000000ee200000| Complete 
| 227|0x00000000ee300000, 0x00000000ee400000, 0x00000000ee400000|100%| E|CS|TAMS 0x00000000ee300000, 0x00000000ee300000| Complete 
| 228|0x00000000ee400000, 0x00000000ee500000, 0x00000000ee500000|100%| E|CS|TAMS 0x00000000ee400000, 0x00000000ee400000| Complete 
| 229|0x00000000ee500000, 0x00000000ee600000, 0x00000000ee600000|100%| E|CS|TAMS 0x00000000ee500000, 0x00000000ee500000| Complete 
| 230|0x00000000ee600000, 0x00000000ee700000, 0x00000000ee700000|100%| E|CS|TAMS 0x00000000ee600000, 0x00000000ee600000| Complete 
| 231|0x00000000ee700000, 0x00000000ee800000, 0x00000000ee800000|100%| E|CS|TAMS 0x00000000ee700000, 0x00000000ee700000| Complete 
| 232|0x00000000ee800000, 0x00000000ee900000, 0x00000000ee900000|100%| E|CS|TAMS 0x00000000ee800000, 0x00000000ee800000| Complete 
| 233|0x00000000ee900000, 0x00000000eea00000, 0x00000000eea00000|100%| E|CS|TAMS 0x00000000ee900000, 0x00000000ee900000| Complete 
| 234|0x00000000eea00000, 0x00000000eeb00000, 0x00000000eeb00000|100%| E|CS|TAMS 0x00000000eea00000, 0x00000000eea00000| Complete 
| 235|0x00000000eeb00000, 0x00000000eec00000, 0x00000000eec00000|100%| E|CS|TAMS 0x00000000eeb00000, 0x00000000eeb00000| Complete 
| 236|0x00000000eec00000, 0x00000000eed00000, 0x00000000eed00000|100%| E|CS|TAMS 0x00000000eec00000, 0x00000000eec00000| Complete 
| 237|0x00000000eed00000, 0x00000000eee00000, 0x00000000eee00000|100%| E|CS|TAMS 0x00000000eed00000, 0x00000000eed00000| Complete 
| 238|0x00000000eee00000, 0x00000000eef00000, 0x00000000eef00000|100%| E|CS|TAMS 0x00000000eee00000, 0x00000000eee00000| Complete 
| 239|0x00000000eef00000, 0x00000000ef000000, 0x00000000ef000000|100%| E|CS|TAMS 0x00000000eef00000, 0x00000000eef00000| Complete 
| 240|0x00000000ef000000, 0x00000000ef100000, 0x00000000ef100000|100%| E|CS|TAMS 0x00000000ef000000, 0x00000000ef000000| Complete 
| 241|0x00000000ef100000, 0x00000000ef200000, 0x00000000ef200000|100%| E|CS|TAMS 0x00000000ef100000, 0x00000000ef100000| Complete 
| 242|0x00000000ef200000, 0x00000000ef300000, 0x00000000ef300000|100%| E|CS|TAMS 0x00000000ef200000, 0x00000000ef200000| Complete 
| 243|0x00000000ef300000, 0x00000000ef400000, 0x00000000ef400000|100%| E|CS|TAMS 0x00000000ef300000, 0x00000000ef300000| Complete 
| 244|0x00000000ef400000, 0x00000000ef500000, 0x00000000ef500000|100%| E|CS|TAMS 0x00000000ef400000, 0x00000000ef400000| Complete 
| 245|0x00000000ef500000, 0x00000000ef600000, 0x00000000ef600000|100%| E|CS|TAMS 0x00000000ef500000, 0x00000000ef500000| Complete 
| 246|0x00000000ef600000, 0x00000000ef700000, 0x00000000ef700000|100%| E|CS|TAMS 0x00000000ef600000, 0x00000000ef600000| Complete 
| 247|0x00000000ef700000, 0x00000000ef800000, 0x00000000ef800000|100%| E|CS|TAMS 0x00000000ef700000, 0x00000000ef700000| Complete 
| 248|0x00000000ef800000, 0x00000000ef900000, 0x00000000ef900000|100%| E|CS|TAMS 0x00000000ef800000, 0x00000000ef800000| Complete 
| 249|0x00000000ef900000, 0x00000000efa00000, 0x00000000efa00000|100%| E|CS|TAMS 0x00000000ef900000, 0x00000000ef900000| Complete 
| 250|0x00000000efa00000, 0x00000000efb00000, 0x00000000efb00000|100%| E|CS|TAMS 0x00000000efa00000, 0x00000000efa00000| Complete 
| 251|0x00000000efb00000, 0x00000000efc00000, 0x00000000efc00000|100%| E|CS|TAMS 0x00000000efb00000, 0x00000000efb00000| Complete 
| 252|0x00000000efc00000, 0x00000000efd00000, 0x00000000efd00000|100%| E|CS|TAMS 0x00000000efc00000, 0x00000000efc00000| Complete 
| 253|0x00000000efd00000, 0x00000000efe00000, 0x00000000efe00000|100%| E|CS|TAMS 0x00000000efd00000, 0x00000000efd00000| Complete 
| 254|0x00000000efe00000, 0x00000000eff00000, 0x00000000eff00000|100%| E|CS|TAMS 0x00000000efe00000, 0x00000000efe00000| Complete 
| 255|0x00000000eff00000, 0x00000000f0000000, 0x00000000f0000000|100%| E|CS|TAMS 0x00000000eff00000, 0x00000000eff00000| Complete 

Card table byte_map: [0x000002085ce50000,0x000002085cf50000] _byte_map_base: 0x000002085c750000

Marking Bits (Prev, Next): (CMBitMap*) 0x00000208462c7dd0, (CMBitMap*) 0x00000208462c7d90
 Prev Bits: [0x000002085d850000, 0x000002085e050000)
 Next Bits: [0x000002085d050000, 0x000002085d850000)

Polling page: 0x0000020845a80000

Metaspace:

Usage:
  Non-class:     50.57 MB used.
      Class:      7.88 MB used.
       Both:     58.45 MB used.

Virtual space:
  Non-class space:       56.00 MB reserved,      50.88 MB ( 91%) committed,  7 nodes.
      Class space:      208.00 MB reserved,       8.12 MB (  4%) committed,  1 nodes.
              Both:      264.00 MB reserved,      59.00 MB ( 22%) committed. 

Chunk freelists:
   Non-Class:  864.00 KB
       Class:  3.82 MB
        Both:  4.67 MB

MaxMetaspaceSize: 256.00 MB
CompressedClassSpaceSize: 208.00 MB
 - commit_granule_bytes: 65536.
 - commit_granule_words: 8192.
 - virtual_space_node_default_size: 1048576.
 - enlarge_chunks_in_place: 1.
 - new_chunks_are_fully_committed: 0.
 - uncommit_free_chunks: 1.
 - use_allocation_guard: 0.
 - handle_deallocations: 1.


Internal statistics:

num_allocs_failed_limit: 9.
num_arena_births: 624.
num_arena_deaths: 0.
num_vsnodes_births: 8.
num_vsnodes_deaths: 0.
num_space_committed: 944.
num_space_uncommitted: 0.
num_chunks_returned_to_freelist: 9.
num_chunks_taken_from_freelist: 2990.
num_chunk_merges: 9.
num_chunk_splits: 1969.
num_chunks_enlarged: 1336.
num_purges: 0.

CodeHeap 'non-profiled nmethods': size=120000Kb used=5233Kb max_used=5944Kb free=114767Kb
 bounds [0x00000208554f0000, 0x0000020855ac0000, 0x000002085ca20000]
CodeHeap 'profiled nmethods': size=120000Kb used=15070Kb max_used=16584Kb free=104929Kb
 bounds [0x000002084dfc0000, 0x000002084f000000, 0x00000208554f0000]
CodeHeap 'non-nmethods': size=5760Kb used=2425Kb max_used=2595Kb free=3334Kb
 bounds [0x000002084da20000, 0x000002084dcd0000, 0x000002084dfc0000]
 total_blobs=8612 nmethods=7742 adapters=782
 compilation: enabled
              stopped_count=0, restarted_count=0
 full_count=0

Compilation events (20 events):
Event: 11.610 Thread 0x0000020860a98550 nmethod 9150 0x000002084eeac910 code [0x000002084eeacac0, 0x000002084eeacda8]
Event: 11.610 Thread 0x0000020860a98550 9147       3       java.lang.ProcessEnvironment$CheckedEntrySet$1::next (5 bytes)
Event: 11.610 Thread 0x0000020860a98550 nmethod 9147 0x000002084e756f10 code [0x000002084e7570e0, 0x000002084e7575c8]
Event: 11.610 Thread 0x0000020860a98550 9148       3       java.lang.ProcessEnvironment$CheckedEntrySet$1::next (20 bytes)
Event: 11.610 Thread 0x0000020860a98550 nmethod 9148 0x000002084e690690 code [0x000002084e690860, 0x000002084e690ce8]
Event: 11.615 Thread 0x0000020860a98550 9153       3       java.lang.Class::getSimpleName (26 bytes)
Event: 11.615 Thread 0x0000020860a98550 nmethod 9153 0x000002084edd7590 code [0x000002084edd7740, 0x000002084edd7958]
Event: 11.615 Thread 0x0000020860a98550 9154       3       java.lang.invoke.MemberName::getFactory (4 bytes)
Event: 11.616 Thread 0x0000020860a98550 nmethod 9154 0x000002084e11bd90 code [0x000002084e11bf20, 0x000002084e11c018]
Event: 11.621 Thread 0x00000208616af730 nmethod 9043 0x0000020855a6a410 code [0x0000020855a6a6e0, 0x0000020855a6cb90]
Event: 11.621 Thread 0x00000208616af730 9126       4       groovy.lang.MetaClassImpl::inheritInterfaceNewMetaMethods (195 bytes)
Event: 11.629 Thread 0x0000020860a98550 9157       1       java.util.concurrent.ThreadPoolExecutor::getThreadFactory (5 bytes)
Event: 11.629 Thread 0x0000020860a98550 nmethod 9157 0x0000020855895b90 code [0x0000020855895d20, 0x0000020855895df8]
Event: 11.719 Thread 0x0000020860a98550 9158       2       org.gradle.internal.logging.text.AbstractLineChoppingStyledTextOutput$1::execute (9 bytes)
Event: 11.719 Thread 0x0000020860a98550 nmethod 9158 0x000002084e628c90 code [0x000002084e628e40, 0x000002084e628fa8]
Event: 11.719 Thread 0x0000020860a98550 9159       2       org.gradle.internal.logging.text.AbstractLineChoppingStyledTextOutput$1::execute (140 bytes)
Event: 11.720 Thread 0x0000020860a98550 nmethod 9159 0x000002084e732f90 code [0x000002084e7331c0, 0x000002084e7336b8]
Event: 11.720 Thread 0x0000020860a98550 9160       2       org.gradle.internal.logging.text.AbstractLineChoppingStyledTextOutput$2::execute (77 bytes)
Event: 11.720 Thread 0x0000020860a98550 nmethod 9160 0x000002084e9ca490 code [0x000002084e9ca6a0, 0x000002084e9caa88]
Event: 11.721 Thread 0x0000020860a98550 9161       3       org.gradle.internal.io.LineBufferingOutputStream::write (59 bytes)

GC Heap History (16 events):
Event: 0.462 GC heap before
{Heap before GC invocations=0 (full 0):
 garbage-first heap   total 262144K, used 28672K [0x00000000e0000000, 0x0000000100000000)
  region size 1024K, 23 young (23552K), 0 survivors (0K)
 Metaspace       used 3129K, committed 3264K, reserved 221184K
  class space    used 381K, committed 448K, reserved 212992K
}
Event: 0.465 GC heap after
{Heap after GC invocations=1 (full 0):
 garbage-first heap   total 262144K, used 9377K [0x00000000e0000000, 0x0000000100000000)
  region size 1024K, 3 young (3072K), 3 survivors (3072K)
 Metaspace       used 3129K, committed 3264K, reserved 221184K
  class space    used 381K, committed 448K, reserved 212992K
}
Event: 0.711 GC heap before
{Heap before GC invocations=1 (full 0):
 garbage-first heap   total 262144K, used 38049K [0x00000000e0000000, 0x0000000100000000)
  region size 1024K, 31 young (31744K), 3 survivors (3072K)
 Metaspace       used 4071K, committed 4224K, reserved 221184K
  class space    used 475K, committed 576K, reserved 212992K
}
Event: 0.713 GC heap after
{Heap after GC invocations=2 (full 0):
 garbage-first heap   total 262144K, used 11442K [0x00000000e0000000, 0x0000000100000000)
  region size 1024K, 2 young (2048K), 2 survivors (2048K)
 Metaspace       used 4071K, committed 4224K, reserved 221184K
  class space    used 475K, committed 576K, reserved 212992K
}
Event: 2.418 GC heap before
{Heap before GC invocations=2 (full 0):
 garbage-first heap   total 262144K, used 118962K [0x00000000e0000000, 0x0000000100000000)
  region size 1024K, 108 young (110592K), 2 survivors (2048K)
 Metaspace       used 20990K, committed 21248K, reserved 237568K
  class space    used 3038K, committed 3200K, reserved 212992K
}
Event: 2.425 GC heap after
{Heap after GC invocations=3 (full 0):
 garbage-first heap   total 262144K, used 20563K [0x00000000e0000000, 0x0000000100000000)
  region size 1024K, 12 young (12288K), 12 survivors (12288K)
 Metaspace       used 20990K, committed 21248K, reserved 237568K
  class space    used 3038K, committed 3200K, reserved 212992K
}
Event: 4.047 GC heap before
{Heap before GC invocations=4 (full 0):
 garbage-first heap   total 262144K, used 130131K [0x00000000e0000000, 0x0000000100000000)
  region size 1024K, 118 young (120832K), 12 survivors (12288K)
 Metaspace       used 35187K, committed 35520K, reserved 245760K
  class space    used 4805K, committed 4992K, reserved 212992K
}
Event: 4.060 GC heap after
{Heap after GC invocations=5 (full 0):
 garbage-first heap   total 262144K, used 30262K [0x00000000e0000000, 0x0000000100000000)
  region size 1024K, 20 young (20480K), 20 survivors (20480K)
 Metaspace       used 35187K, committed 35520K, reserved 245760K
  class space    used 4805K, committed 4992K, reserved 212992K
}
Event: 6.604 GC heap before
{Heap before GC invocations=6 (full 0):
 garbage-first heap   total 262144K, used 166454K [0x00000000e0000000, 0x0000000100000000)
  region size 1024K, 153 young (156672K), 20 survivors (20480K)
 Metaspace       used 46588K, committed 47040K, reserved 253952K
  class space    used 6517K, committed 6720K, reserved 212992K
}
Event: 6.630 GC heap after
{Heap after GC invocations=7 (full 0):
 garbage-first heap   total 262144K, used 40659K [0x00000000e0000000, 0x0000000100000000)
  region size 1024K, 20 young (20480K), 20 survivors (20480K)
 Metaspace       used 46588K, committed 47040K, reserved 253952K
  class space    used 6517K, committed 6720K, reserved 212992K
}
Event: 8.213 GC heap before
{Heap before GC invocations=7 (full 0):
 garbage-first heap   total 262144K, used 176851K [0x00000000e0000000, 0x0000000100000000)
  region size 1024K, 153 young (156672K), 20 survivors (20480K)
 Metaspace       used 48842K, committed 49344K, reserved 262144K
  class space    used 6674K, committed 6912K, reserved 212992K
}
Event: 8.230 GC heap after
{Heap after GC invocations=8 (full 0):
 garbage-first heap   total 262144K, used 49587K [0x00000000e0000000, 0x0000000100000000)
  region size 1024K, 9 young (9216K), 9 survivors (9216K)
 Metaspace       used 48842K, committed 49344K, reserved 262144K
  class space    used 6674K, committed 6912K, reserved 212992K
}
Event: 9.515 GC heap before
{Heap before GC invocations=8 (full 0):
 garbage-first heap   total 262144K, used 198067K [0x00000000e0000000, 0x0000000100000000)
  region size 1024K, 153 young (156672K), 9 survivors (9216K)
 Metaspace       used 52008K, committed 52672K, reserved 262144K
  class space    used 7101K, committed 7424K, reserved 212992K
}
Event: 9.548 GC heap after
{Heap after GC invocations=9 (full 0):
 garbage-first heap   total 262144K, used 63263K [0x00000000e0000000, 0x0000000100000000)
  region size 1024K, 20 young (20480K), 20 survivors (20480K)
 Metaspace       used 52008K, committed 52672K, reserved 262144K
  class space    used 7101K, committed 7424K, reserved 212992K
}
Event: 10.966 GC heap before
{Heap before GC invocations=9 (full 0):
 garbage-first heap   total 262144K, used 190239K [0x00000000e0000000, 0x0000000100000000)
  region size 1024K, 144 young (147456K), 20 survivors (20480K)
 Metaspace       used 58754K, committed 59328K, reserved 270336K
  class space    used 7920K, committed 8192K, reserved 212992K
}
Event: 10.986 GC heap after
{Heap after GC invocations=10 (full 0):
 garbage-first heap   total 262144K, used 80556K [0x00000000e0000000, 0x0000000100000000)
  region size 1024K, 16 young (16384K), 16 survivors (16384K)
 Metaspace       used 58754K, committed 59328K, reserved 270336K
  class space    used 7920K, committed 8192K, reserved 212992K
}

Deoptimization events (20 events):
Event: 11.626 Thread 0x0000020864a5bb60 DEOPT PACKING pc=0x000002084e0bf7e9 sp=0x00000039e37fdd80
Event: 11.626 Thread 0x0000020864a5bb60 DEOPT UNPACKING pc=0x000002084da6dece sp=0x00000039e37fd228 mode 1
Event: 11.626 Thread 0x0000020864a5bb60 DEOPT PACKING pc=0x000002084e4cc654 sp=0x00000039e37fdde0
Event: 11.626 Thread 0x0000020864a5bb60 DEOPT UNPACKING pc=0x000002084da6dece sp=0x00000039e37fd2c8 mode 1
Event: 11.626 Thread 0x0000020864a5bb60 DEOPT PACKING pc=0x000002084e5737b9 sp=0x00000039e37fdd50
Event: 11.626 Thread 0x0000020864a5bb60 DEOPT UNPACKING pc=0x000002084da6dece sp=0x00000039e37fd248 mode 1
Event: 11.626 Thread 0x0000020864a5bb60 DEOPT PACKING pc=0x000002084e4cc654 sp=0x00000039e37fdec0
Event: 11.626 Thread 0x0000020864a5bb60 DEOPT UNPACKING pc=0x000002084da6dece sp=0x00000039e37fd3a8 mode 1
Event: 11.632 Thread 0x0000020864a5a0d0 Uncommon trap: trap_request=0xffffffc6 fr.pc=0x0000020855aaf60c relative=0x00000000000009ec
Event: 11.632 Thread 0x0000020864a5a0d0 Uncommon trap: reason=bimorphic_or_optimized_type_check action=maybe_recompile pc=0x0000020855aaf60c method=java.io.BufferedInputStream.read1([BII)I @ 39 c2
Event: 11.632 Thread 0x0000020864a5a0d0 DEOPT PACKING pc=0x0000020855aaf60c sp=0x00000039e3bfe9e0
Event: 11.632 Thread 0x0000020864a5a0d0 DEOPT UNPACKING pc=0x000002084da6d72e sp=0x00000039e3bfe928 mode 2
Event: 11.719 Thread 0x0000020864a5a0d0 Uncommon trap: trap_request=0xffffffc6 fr.pc=0x0000020855aaf60c relative=0x00000000000009ec
Event: 11.719 Thread 0x0000020864a5a0d0 Uncommon trap: reason=bimorphic_or_optimized_type_check action=maybe_recompile pc=0x0000020855aaf60c method=java.io.BufferedInputStream.read1([BII)I @ 39 c2
Event: 11.719 Thread 0x0000020864a5a0d0 DEOPT PACKING pc=0x0000020855aaf60c sp=0x00000039e3bfe9e0
Event: 11.719 Thread 0x0000020864a5a0d0 DEOPT UNPACKING pc=0x000002084da6d72e sp=0x00000039e3bfe928 mode 2
Event: 11.720 Thread 0x0000020864a5a0d0 Uncommon trap: trap_request=0xffffffc6 fr.pc=0x0000020855aaf60c relative=0x00000000000009ec
Event: 11.720 Thread 0x0000020864a5a0d0 Uncommon trap: reason=bimorphic_or_optimized_type_check action=maybe_recompile pc=0x0000020855aaf60c method=java.io.BufferedInputStream.read1([BII)I @ 39 c2
Event: 11.720 Thread 0x0000020864a5a0d0 DEOPT PACKING pc=0x0000020855aaf60c sp=0x00000039e3bfe9e0
Event: 11.720 Thread 0x0000020864a5a0d0 DEOPT UNPACKING pc=0x000002084da6d72e sp=0x00000039e3bfe928 mode 2

Classes unloaded (0 events):
No events

Classes redefined (0 events):
No events

Internal exceptions (20 events):
Event: 11.303 Thread 0x0000020864a1bea0 Exception <a 'java/lang/NoSuchMethodError'{0x00000000ef612df8}: static Lorg/gradle/internal/build/event/types/DefaultTaskFinishedProgressEvent;.<clinit>()V> (0x00000000ef612df8) 
thrown [t:\workspace\open\src\hotspot\share\prims\jni.cpp, line 1210]
Event: 11.306 Thread 0x0000020864a1bea0 Exception <a 'java/lang/NoSuchMethodError'{0x00000000ef5062d0}: static Lorg/gradle/internal/build/event/types/DefaultJavaCompileTaskSuccessResult;.<clinit>()V> (0x00000000ef5062d0) 
thrown [t:\workspace\open\src\hotspot\share\prims\jni.cpp, line 1210]
Event: 11.307 Thread 0x0000020864a1bea0 Exception <a 'java/lang/NoSuchMethodError'{0x00000000ef507af8}: static Lorg/gradle/internal/build/event/types/DefaultTaskSuccessResult;.<clinit>()V> (0x00000000ef507af8) 
thrown [t:\workspace\open\src\hotspot\share\prims\jni.cpp, line 1210]
Event: 11.307 Thread 0x0000020864a1bea0 Exception <a 'java/lang/NoSuchMethodError'{0x00000000ef508d28}: static Lorg/gradle/internal/build/event/types/AbstractTaskResult;.<clinit>()V> (0x00000000ef508d28) 
thrown [t:\workspace\open\src\hotspot\share\prims\jni.cpp, line 1210]
Event: 11.307 Thread 0x0000020864a1bea0 Exception <a 'java/lang/NoSuchMethodError'{0x00000000ef50a308}: static Lorg/gradle/internal/build/event/types/AbstractResult;.<clinit>()V> (0x00000000ef50a308) 
thrown [t:\workspace\open\src\hotspot\share\prims\jni.cpp, line 1210]
Event: 11.311 Thread 0x0000020864a1bea0 Exception <a 'java/lang/NoSuchMethodError'{0x00000000ef522f48}: static [Ljava/lang/Object;.<clinit>()V> (0x00000000ef522f48) 
thrown [t:\workspace\open\src\hotspot\share\prims\jni.cpp, line 1210]
Event: 11.526 Thread 0x0000020861527c50 Exception <a 'java/lang/NoSuchMethodError'{0x00000000edf7e268}: 'void java.lang.invoke.DirectMethodHandle$Holder.invokeInterface(java.lang.Object, java.lang.Object, java.lang.Object, java.lang.Object)'> (0x00000000edf7e268) 
thrown [t:\workspace\open\src\hotspot\share\interpreter\linkResolver.cpp, line 790]
Event: 11.533 Thread 0x0000020861527c50 Exception <a 'java/lang/ClassNotFoundException'{0x00000000edfd2978}: com/intellij/openapi/externalSystem/rt/execution/ForkedDebuggerHelperBeanInfo> (0x00000000edfd2978) 
thrown [t:\workspace\open\src\hotspot\share\classfile\systemDictionary.cpp, line 256]
Event: 11.534 Thread 0x0000020861527c50 Exception <a 'java/lang/ClassNotFoundException'{0x00000000edfdf388}: com/intellij/openapi/externalSystem/rt/execution/ForkedDebuggerHelperCustomizer> (0x00000000edfdf388) 
thrown [t:\workspace\open\src\hotspot\share\classfile\systemDictionary.cpp, line 256]
Event: 11.541 Thread 0x0000020861527c50 Exception <a 'java/net/SocketException'{0x00000000edff6578}: Socket is not connected: shutdown> (0x00000000edff6578) 
thrown [t:\workspace\open\src\hotspot\share\prims\jni.cpp, line 600]
Event: 11.562 Thread 0x0000020861527c50 Exception <a 'java/lang/ClassNotFoundException'{0x00000000edd56b00}: org/gradle/api/internal/file/collections/DefaultConfigurableFileCollectionBeanInfo> (0x00000000edd56b00) 
thrown [t:\workspace\open\src\hotspot\share\classfile\systemDictionary.cpp, line 256]
Event: 11.565 Thread 0x0000020861527c50 Exception <a 'java/lang/ClassNotFoundException'{0x00000000edd6dc98}: org/gradle/api/internal/file/CompositeFileCollectionBeanInfo> (0x00000000edd6dc98) 
thrown [t:\workspace\open\src\hotspot\share\classfile\systemDictionary.cpp, line 256]
Event: 11.568 Thread 0x0000020861527c50 Exception <a 'java/lang/ClassNotFoundException'{0x00000000edd84cc8}: org/gradle/api/internal/file/CompositeFileCollectionCustomizer> (0x00000000edd84cc8) 
thrown [t:\workspace\open\src\hotspot\share\classfile\systemDictionary.cpp, line 256]
Event: 11.570 Thread 0x0000020861527c50 Exception <a 'java/lang/ClassNotFoundException'{0x00000000edda43c8}: org/gradle/api/internal/file/collections/DefaultConfigurableFileCollectionCustomizer> (0x00000000edda43c8) 
thrown [t:\workspace\open\src\hotspot\share\classfile\systemDictionary.cpp, line 256]
Event: 11.614 Thread 0x0000020864a5bb60 Exception <a 'java/lang/NoSuchMethodError'{0x00000000edb0ce90}: 'void java.lang.invoke.DirectMethodHandle$Holder.invokeStatic(java.lang.Object, long)'> (0x00000000edb0ce90) 
thrown [t:\workspace\open\src\hotspot\share\interpreter\linkResolver.cpp, line 790]
Event: 11.615 Thread 0x0000020864a5bb60 Exception <a 'java/lang/NoSuchMethodError'{0x00000000edb18b50}: 'java.lang.Object java.lang.invoke.DirectMethodHandle$Holder.newInvokeSpecial(java.lang.Object, long)'> (0x00000000edb18b50) 
thrown [t:\workspace\open\src\hotspot\share\interpreter\linkResolver.cpp, line 790]
Event: 11.619 Thread 0x0000020864a5bb60 Exception <a 'java/lang/NoSuchMethodError'{0x00000000edb1f968}: 'java.lang.Object java.lang.invoke.DirectMethodHandle$Holder.invokeStatic(java.lang.Object, java.lang.Object, long, java.lang.Object)'> (0x00000000edb1f968) 
thrown [t:\workspace\open\src\hotspot\share\interpreter\linkResolver.cpp, line 790]
Event: 11.619 Thread 0x0000020864a5bb60 Exception <a 'java/lang/NoSuchMethodError'{0x00000000edb23858}: 'java.lang.Object java.lang.invoke.DirectMethodHandle$Holder.invokeStaticInit(java.lang.Object, java.lang.Object, long, java.lang.Object)'> (0x00000000edb23858) 
thrown [t:\workspace\open\src\hotspot\share\interpreter\linkResolver.cpp, line 790]
Event: 11.621 Thread 0x0000020864a5bb60 Exception <a 'java/lang/NoSuchMethodError'{0x00000000edb2a1c0}: 'java.lang.Object java.lang.invoke.DirectMethodHandle$Holder.newInvokeSpecial(java.lang.Object, java.lang.Object, long)'> (0x00000000edb2a1c0) 
thrown [t:\workspace\open\src\hotspot\share\interpreter\linkResolver.cpp, line 790]
Event: 11.621 Thread 0x0000020864a5bb60 Exception <a 'java/lang/NoSuchMethodError'{0x00000000edb2df30}: 'java.lang.Object java.lang.invoke.Invokers$Holder.linkToTargetMethod(java.lang.Object, long, java.lang.Object)'> (0x00000000edb2df30) 
thrown [t:\workspace\open\src\hotspot\share\interpreter\linkResolver.cpp, line 790]

Events (20 events):
Event: 11.608 loading class java/lang/ProcessBuilder
Event: 11.608 loading class java/lang/ProcessBuilder done
Event: 11.609 loading class java/lang/ProcessImpl
Event: 11.609 loading class java/lang/ProcessImpl done
Event: 11.616 loading class java/lang/ProcessHandleImpl
Event: 11.616 loading class java/lang/ProcessHandleImpl done
Event: 11.622 loading class java/lang/ProcessImpl$2
Event: 11.622 loading class java/lang/ProcessImpl$2 done
Event: 11.622 loading class java/lang/Process$PipeInputStream
Event: 11.622 loading class java/lang/Process$PipeInputStream done
Event: 11.623 Executing  VM operation: HandshakeAllThreads
Event: 11.624 Executing  VM operation: HandshakeAllThreads done
Event: 11.624 loading class jdk/internal/event/ProcessStartEvent
Event: 11.624 loading class jdk/internal/event/Event
Event: 11.624 loading class jdk/internal/event/Event done
Event: 11.624 loading class jdk/internal/event/ProcessStartEvent done
Event: 11.626 Thread 0x0000020864a5a620 Thread added: 0x0000020864a5a620
Event: 11.629 Thread 0x0000020864a55670 Thread added: 0x0000020864a55670
Event: 11.629 Thread 0x0000020864a580f0 Thread added: 0x0000020864a580f0
Event: 11.629 Thread 0x0000020864a5a0d0 Thread added: 0x0000020864a5a0d0


Dynamic libraries:
0x00007ff6f2790000 - 0x00007ff6f27a0000 	C:\Program Files\Java\jdk-16.0.2\bin\java.exe
0x00007fffadc30000 - 0x00007fffade25000 	C:\WINDOWS\SYSTEM32\ntdll.dll
0x00007fffad610000 - 0x00007fffad6ce000 	C:\WINDOWS\System32\KERNEL32.DLL
0x00007fffab5b0000 - 0x00007fffab878000 	C:\WINDOWS\System32\KERNELBASE.dll
0x00007fffab8d0000 - 0x00007fffab9d0000 	C:\WINDOWS\System32\ucrtbase.dll
0x00007fffa5280000 - 0x00007fffa5299000 	C:\Program Files\Java\jdk-16.0.2\bin\VCRUNTIME140.dll
0x00007fffa5330000 - 0x00007fffa5348000 	C:\Program Files\Java\jdk-16.0.2\bin\jli.dll
0x00007fffabfe0000 - 0x00007fffac08e000 	C:\WINDOWS\System32\ADVAPI32.dll
0x00007fffad6d0000 - 0x00007fffad76e000 	C:\WINDOWS\System32\msvcrt.dll
0x00007fffabdb0000 - 0x00007fffabe4c000 	C:\WINDOWS\System32\sechost.dll
0x00007fffabe50000 - 0x00007fffabf75000 	C:\WINDOWS\System32\RPCRT4.dll
0x00007fffad990000 - 0x00007fffadb31000 	C:\WINDOWS\System32\USER32.dll
0x00007fffab3d0000 - 0x00007fffab3f2000 	C:\WINDOWS\System32\win32u.dll
0x00007fffacb30000 - 0x00007fffacb5b000 	C:\WINDOWS\System32\GDI32.dll
0x00007fff95960000 - 0x00007fff95bfa000 	C:\WINDOWS\WinSxS\amd64_microsoft.windows.common-controls_6595b64144ccf1df_6.0.19041.1110_none_60b5254171f9507e\COMCTL32.dll
0x00007fffabb60000 - 0x00007fffabc6d000 	C:\WINDOWS\System32\gdi32full.dll
0x00007fffab4b0000 - 0x00007fffab54d000 	C:\WINDOWS\System32\msvcp_win.dll
0x00007fff9f660000 - 0x00007fff9f66a000 	C:\WINDOWS\SYSTEM32\VERSION.dll
0x00007fffac570000 - 0x00007fffac5a0000 	C:\WINDOWS\System32\IMM32.DLL
0x00007fffa3bc0000 - 0x00007fffa3bcc000 	C:\Program Files\Java\jdk-16.0.2\bin\vcruntime140_1.dll
0x00007fff617d0000 - 0x00007fff61861000 	C:\Program Files\Java\jdk-16.0.2\bin\msvcp140.dll
0x00007fff177e0000 - 0x00007fff1838b000 	C:\Program Files\Java\jdk-16.0.2\bin\server\jvm.dll
0x00007fffac3c0000 - 0x00007fffac3c8000 	C:\WINDOWS\System32\PSAPI.DLL
0x00007fffa04f0000 - 0x00007fffa04f9000 	C:\WINDOWS\SYSTEM32\WSOCK32.dll
0x00007fff976c0000 - 0x00007fff976e7000 	C:\WINDOWS\SYSTEM32\WINMM.dll
0x00007fffad770000 - 0x00007fffad7db000 	C:\WINDOWS\System32\WS2_32.dll
0x00007fffa9130000 - 0x00007fffa9142000 	C:\WINDOWS\SYSTEM32\kernel.appcore.dll
0x00007fffa0520000 - 0x00007fffa052a000 	C:\Program Files\Java\jdk-16.0.2\bin\jimage.dll
0x00007fffa6f60000 - 0x00007fffa7144000 	C:\WINDOWS\SYSTEM32\DBGHELP.DLL
0x00007fffa04b0000 - 0x00007fffa04dc000 	C:\WINDOWS\SYSTEM32\dbgcore.DLL
0x00007fffab340000 - 0x00007fffab3c2000 	C:\WINDOWS\System32\bcryptPrimitives.dll
0x00007fff875d0000 - 0x00007fff8760b000 	C:\Program Files\Java\jdk-16.0.2\bin\jdwp.dll
0x00007fff90b80000 - 0x00007fff90ba5000 	C:\Program Files\Java\jdk-16.0.2\bin\java.dll
0x00007fffacec0000 - 0x00007fffad604000 	C:\WINDOWS\System32\SHELL32.dll
0x00007fffa9430000 - 0x00007fffa9bc5000 	C:\WINDOWS\SYSTEM32\windows.storage.dll
0x00007fffacb60000 - 0x00007fffaceb5000 	C:\WINDOWS\System32\combase.dll
0x00007fffaad90000 - 0x00007fffaadbe000 	C:\WINDOWS\SYSTEM32\Wldp.dll
0x00007fffac1b0000 - 0x00007fffac25d000 	C:\WINDOWS\System32\SHCORE.dll
0x00007fffabf80000 - 0x00007fffabfd5000 	C:\WINDOWS\System32\shlwapi.dll
0x00007fffab280000 - 0x00007fffab29f000 	C:\WINDOWS\SYSTEM32\profapi.dll
0x00007fffa5a10000 - 0x00007fffa5a1c000 	C:\Program Files\Java\jdk-16.0.2\bin\dt_socket.dll
0x00007fffaa790000 - 0x00007fffaa7cb000 	C:\WINDOWS\SYSTEM32\IPHLPAPI.DLL
0x00007fffaaaf0000 - 0x00007fffaab5a000 	C:\WINDOWS\system32\mswsock.dll
0x00007fff7f150000 - 0x00007fff7f169000 	C:\Program Files\Java\jdk-16.0.2\bin\net.dll
0x00007fffa68e0000 - 0x00007fffa69ec000 	C:\WINDOWS\SYSTEM32\WINHTTP.dll
0x00007fff7ec00000 - 0x00007fff7ec13000 	C:\Program Files\Java\jdk-16.0.2\bin\nio.dll
0x00007fff7ebe0000 - 0x00007fff7ebf8000 	C:\Program Files\Java\jdk-16.0.2\bin\zip.dll
0x00007fff96c50000 - 0x00007fff96c60000 	C:\Program Files\Java\jdk-16.0.2\bin\verify.dll
0x00007fff9e920000 - 0x00007fff9e947000 	C:\Users\lucyc\.gradle\native\e1d6ef7f7dcc3fd88c89a11ec53ec762bb8ba0a96d01ffa2cd45eb1d1d8dd5c5\windows-amd64\native-platform.dll
0x00007fff3c860000 - 0x00007fff3c9a4000 	C:\Users\lucyc\.gradle\native\5664cfc778a61ccfe75a443a1ab52a65af34e5dc3c78e0209fed803814484fcb\windows-amd64\native-platform-file-events.dll
0x00007fff90b70000 - 0x00007fff90b79000 	C:\Program Files\Java\jdk-16.0.2\bin\management.dll
0x00007fff90a20000 - 0x00007fff90a2b000 	C:\Program Files\Java\jdk-16.0.2\bin\management_ext.dll
0x00007fffaace0000 - 0x00007fffaacf8000 	C:\WINDOWS\SYSTEM32\CRYPTSP.dll
0x00007fffaa400000 - 0x00007fffaa434000 	C:\WINDOWS\system32\rsaenh.dll
0x00007fffab9d0000 - 0x00007fffab9f7000 	C:\WINDOWS\System32\bcrypt.dll
0x00007fffab240000 - 0x00007fffab26e000 	C:\WINDOWS\SYSTEM32\USERENV.dll
0x00007fffaad00000 - 0x00007fffaad0c000 	C:\WINDOWS\SYSTEM32\CRYPTBASE.dll
0x00007fffabda0000 - 0x00007fffabda8000 	C:\WINDOWS\System32\NSI.dll
0x00007fffa4820000 - 0x00007fffa4837000 	C:\WINDOWS\SYSTEM32\dhcpcsvc6.DLL
0x00007fffa4710000 - 0x00007fffa472d000 	C:\WINDOWS\SYSTEM32\dhcpcsvc.DLL
0x00007fffaa7d0000 - 0x00007fffaa89b000 	C:\WINDOWS\SYSTEM32\DNSAPI.dll
0x00007fff875c0000 - 0x00007fff875ce000 	C:\Program Files\Java\jdk-16.0.2\bin\sunmscapi.dll
0x00007fffaba00000 - 0x00007fffabb56000 	C:\WINDOWS\System32\CRYPT32.dll
0x00007fffaae00000 - 0x00007fffaae27000 	C:\WINDOWS\SYSTEM32\ncrypt.dll
0x00007fffaadc0000 - 0x00007fffaadfb000 	C:\WINDOWS\SYSTEM32\NTASN1.dll
0x00007fff869a0000 - 0x00007fff869a7000 	C:\WINDOWS\system32\wshunix.dll

dbghelp: loaded successfully - version: 4.0.5 - missing functions: none
symbol engine: initialized successfully - sym options: 0x614 - pdb path: .;C:\Program Files\Java\jdk-16.0.2\bin;C:\WINDOWS\SYSTEM32;C:\WINDOWS\WinSxS\amd64_microsoft.windows.common-controls_6595b64144ccf1df_6.0.19041.1110_none_60b5254171f9507e;C:\Program Files\Java\jdk-16.0.2\bin\server;C:\Users\lucyc\.gradle\native\e1d6ef7f7dcc3fd88c89a11ec53ec762bb8ba0a96d01ffa2cd45eb1d1d8dd5c5\windows-amd64;C:\Users\lucyc\.gradle\native\5664cfc778a61ccfe75a443a1ab52a65af34e5dc3c78e0209fed803814484fcb\windows-amd64

VM Arguments:
jvm_args: -XX:MaxMetaspaceSize=256m -XX:+HeapDumpOnOutOfMemoryError -agentlib:jdwp=transport=dt_socket,server=n,suspend=y,address=127.0.0.1:58783 --add-opens=java.base/java.util=ALL-UNNAMED --add-opens=java.base/java.lang=ALL-UNNAMED --add-opens=java.base/java.lang.invoke=ALL-UNNAMED --add-opens=java.base/java.util=ALL-UNNAMED --add-opens=java.prefs/java.util.prefs=ALL-UNNAMED --add-opens=java.prefs/java.util.prefs=ALL-UNNAMED --add-opens=java.base/java.nio.charset=ALL-UNNAMED --add-opens=java.base/java.net=ALL-UNNAMED --add-opens=java.base/java.util.concurrent.atomic=ALL-UNNAMED -Xms256m -Xmx512m -Dfile.encoding=windows-1252 -Duser.country=US -Duser.language=en -Duser.variant 
java_command: org.gradle.launcher.daemon.bootstrap.GradleDaemon 7.3.1
java_class_path (initial): C:\Users\lucyc\.gradle\wrapper\dists\gradle-7.3.1-bin\b47edjwz5j48avzx8xp2zpcd3\gradle-7.3.1\lib\gradle-launcher-7.3.1.jar
Launcher Type: SUN_STANDARD

[Global flags]
     intx CICompilerCount                          = 4                                         {product} {ergonomic}
   size_t CompressedClassSpaceSize                 = 218103808                                 {product} {ergonomic}
     uint ConcGCThreads                            = 2                                         {product} {ergonomic}
     uint G1ConcRefinementThreads                  = 8                                         {product} {ergonomic}
   size_t G1HeapRegionSize                         = 1048576                                   {product} {ergonomic}
    uintx GCDrainStackTargetSize                   = 64                                        {product} {ergonomic}
     bool HeapDumpOnOutOfMemoryError               = true                                   {manageable} {command line}
   size_t InitialHeapSize                          = 268435456                                 {product} {command line}
   size_t MarkStackSize                            = 4194304                                   {product} {ergonomic}
   size_t MaxHeapSize                              = 536870912                                 {product} {command line}
   size_t MaxMetaspaceSize                         = 268435456                                 {product} {command line}
   size_t MaxNewSize                               = 321912832                                 {product} {ergonomic}
   size_t MinHeapDeltaBytes                        = 1048576                                   {product} {ergonomic}
   size_t MinHeapSize                              = 268435456                                 {product} {command line}
    uintx NonNMethodCodeHeapSize                   = 5839372                                {pd product} {ergonomic}
    uintx NonProfiledCodeHeapSize                  = 122909434                              {pd product} {ergonomic}
    uintx ProfiledCodeHeapSize                     = 122909434                              {pd product} {ergonomic}
    uintx ReservedCodeCacheSize                    = 251658240                              {pd product} {ergonomic}
     bool SegmentedCodeCache                       = true                                      {product} {ergonomic}
   size_t SoftMaxHeapSize                          = 536870912                              {manageable} {ergonomic}
     bool UseCompressedClassPointers               = true                           {product lp64_product} {ergonomic}
     bool UseCompressedOops                        = true                           {product lp64_product} {ergonomic}
     bool UseG1GC                                  = true                                      {product} {ergonomic}
     bool UseLargePagesIndividualAllocation        = false                                  {pd product} {ergonomic}

Logging:
Log output configuration:
 #0: stdout all=warning uptime,level,tags
 #1: stderr all=off uptime,level,tags

Environment Variables:
PATH=C:\Program Files\Common Files\Oracle\Java\javapath;C:\WINDOWS\system32;C:\WINDOWS;C:\WINDOWS\System32\Wbem;C:\WINDOWS\System32\WindowsPowerShell\v1.0\;C:\WINDOWS\System32\OpenSSH\;C:\Program Files\Git\cmd;C:\Program Files\nodejs\;C:\Program Files\dotnet\;C:\Program Files\Microsoft SQL Server\130\Tools\Binn\;C:\Program Files\Microsoft SQL Server\Client SDK\ODBC\170\Tools\Binn\;C:\Program Files (x86)\dotnet\;C:\Program Files\MySQL\MySQL Shell 8.0\bin\;C:\Users\lucyc\AppData\Local\Microsoft\WindowsApps;C:\Users\lucyc\AppData\Local\GitHubDesktop\bin;C:\Users\lucyc\AppData\Local\Programs\Microsoft VS Code\bin;C:\Users\lucyc\AppData\Roaming\npm;C:\Users\lucyc\.dotnet\tools;C:\Users\lucyc\AppData\Local\Microsoft\WindowsApps;
USERNAME=lucyc
OS=Windows_NT
PROCESSOR_IDENTIFIER=Intel64 Family 6 Model 142 Stepping 12, GenuineIntel



---------------  S Y S T E M  ---------------

OS:
 Windows 10 , 64 bit Build 19041 (10.0.19041.1466)
OS uptime: 1 days 17:03 hours

CPU: total 8 (initial active 8) (4 cores per cpu, 2 threads per core) family 6 model 142 stepping 12 microcode 0xbe, cx8, cmov, fxsr, ht, mmx, 3dnowpref, sse, sse2, sse3, ssse3, sse4.1, sse4.2, popcnt, lzcnt, tsc, tscinvbit, avx, avx2, aes, erms, clmul, bmi1, bmi2, adx, fma, vzeroupper, clflush, clflushopt

Memory: 4k page, system-wide physical 16214M (2190M free)
TotalPageFile size 19136M (AvailPageFile size 325M)
current process WorkingSet (physical memory assigned to process): 499M, peak: 503M
current process commit charge ("private bytes"): 557M, peak: 562M

vm_info: Java HotSpot(TM) 64-Bit Server VM (16.0.2+7-67) for windows-amd64 JRE (16.0.2+7-67), built on Jun  8 2021 23:24:19 by "mach5one" with MS VC++ 16.7 (VS2019)

END.
