#
# There is insufficient memory for the Java Runtime Environment to continue.
# Native memory allocation (malloc) failed to allocate 974256 bytes for Chunk::new
# Possible reasons:
#   The system is out of physical RAM or swap space
#   The process is running with CompressedOops enabled, and the Java Heap may be blocking the growth of the native heap
# Possible solutions:
#   Reduce memory load on the system
#   Increase physical memory or swap space
#   Check if swap backing store is full
#   Decrease Java heap size (-Xmx/-Xms)
#   Decrease number of Java threads
#   Decrease Java thread stack sizes (-Xss)
#   Set larger code cache with -XX:ReservedCodeCacheSize=
#   JVM is running with Zero Based Compressed Oops mode in which the Java heap is
#     placed in the first 32GB address space. The Java Heap base address is the
#     maximum limit for the native heap growth. Please use -XX:HeapBaseMinAddress
#     to set the Java Heap base and to place the Java Heap above 32GB virtual address.
# This output file may be truncated or incomplete.
#
#  Out of Memory Error (arena.cpp:195), pid=15784, tid=15548
#
# JRE version: Java(TM) SE Runtime Environment (16.0.2+7) (build 16.0.2+7-67)
# Java VM: Java HotSpot(TM) 64-Bit Server VM (16.0.2+7-67, mixed mode, sharing, tiered, compressed oops, compressed class ptrs, g1 gc, windows-amd64)
# No core dump will be written. Minidumps are not enabled by default on client versions of Windows
#

---------------  S U M M A R Y ------------

Command Line: -agentlib:jdwp=transport=dt_socket,server=n,suspend=y,address=127.0.0.1:56843 -Dfile.encoding=windows-1252 -Duser.country=US -Duser.language=en -Duser.variant com.recipeproject.recipeproject.LiftoffApplication

Host: Intel(R) Core(TM) i7-10510U CPU @ 1.80GHz, 8 cores, 15G,  Windows 10 , 64 bit Build 19041 (10.0.19041.1503)
Time: Wed Feb  2 19:52:31 2022 Central Standard Time elapsed time: 1.838546 seconds (0d 0h 0m 1s)

---------------  T H R E A D  ---------------

Current thread (0x0000025084aee830):  JavaThread "C2 CompilerThread1" daemon [_thread_in_native, id=15548, stack(0x000000c008a00000,0x000000c008b00000)]


Current CompileTask:
C2:   1838 2189       4       jdk.internal.module.SystemModuleFinders$SystemModuleReader::findImageLocation (42 bytes)

Stack: [0x000000c008a00000,0x000000c008b00000]
Native frames: (J=compiled Java code, j=interpreted, Vv=VM code, C=native code)
V  [jvm.dll+0x6681ca]
V  [jvm.dll+0x7c9e69]
V  [jvm.dll+0x7cb61e]
V  [jvm.dll+0x7cbc73]
V  [jvm.dll+0x242c55]
V  [jvm.dll+0xadeba]
V  [jvm.dll+0xae45c]
V  [jvm.dll+0x35a882]
V  [jvm.dll+0x1b9cc1]
V  [jvm.dll+0x215e16]
V  [jvm.dll+0x215100]
V  [jvm.dll+0x1a1beb]
V  [jvm.dll+0x225158]
V  [jvm.dll+0x22319c]
V  [jvm.dll+0x77fa62]
V  [jvm.dll+0x7795aa]
V  [jvm.dll+0x667066]
C  [ucrtbase.dll+0x21bb2]
C  [KERNEL32.DLL+0x17034]
C  [ntdll.dll+0x52651]


---------------  P R O C E S S  ---------------

Threads class SMR info:
_java_thread_list=0x0000025085da6e90, length=19, elements={
0x00000250e0f13bf0, 0x00000250ffb31290, 0x00000250ffb32800, 0x00000250ffb41390,
0x00000250ffb47ce0, 0x00000250ffb4adc0, 0x00000250ffb48de0, 0x00000250ffb53db0,
0x00000250ffb55eb0, 0x00000250ffb637d0, 0x0000025084a40d90, 0x0000025084a2ddf0,
0x0000025084a49300, 0x00000250ffb49330, 0x00000250ffb4b310, 0x0000025084aee830,
0x00000250ffb49dd0, 0x00000250ffb49880, 0x00000250858e4e40
}

Java Threads: ( => current thread )
  0x00000250e0f13bf0 JavaThread "main" [_thread_blocked, id=19876, stack(0x000000c007400000,0x000000c007500000)]
  0x00000250ffb31290 JavaThread "Reference Handler" daemon [_thread_blocked, id=16260, stack(0x000000c007b00000,0x000000c007c00000)]
  0x00000250ffb32800 JavaThread "Finalizer" daemon [_thread_blocked, id=864, stack(0x000000c007c00000,0x000000c007d00000)]
  0x00000250ffb41390 JavaThread "Signal Dispatcher" daemon [_thread_blocked, id=8596, stack(0x000000c007d00000,0x000000c007e00000)]
  0x00000250ffb47ce0 JavaThread "Attach Listener" daemon [_thread_blocked, id=8, stack(0x000000c007e00000,0x000000c007f00000)]
  0x00000250ffb4adc0 JavaThread "Service Thread" daemon [_thread_blocked, id=12032, stack(0x000000c007f00000,0x000000c008000000)]
  0x00000250ffb48de0 JavaThread "Monitor Deflation Thread" daemon [_thread_blocked, id=10972, stack(0x000000c008000000,0x000000c008100000)]
  0x00000250ffb53db0 JavaThread "C2 CompilerThread0" daemon [_thread_in_native, id=3176, stack(0x000000c008100000,0x000000c008200000)]
  0x00000250ffb55eb0 JavaThread "C1 CompilerThread0" daemon [_thread_blocked, id=11528, stack(0x000000c008200000,0x000000c008300000)]
  0x00000250ffb637d0 JavaThread "Sweeper thread" daemon [_thread_blocked, id=16684, stack(0x000000c008300000,0x000000c008400000)]
  0x0000025084a40d90 JavaThread "JDWP Transport Listener: dt_socket" daemon [_thread_blocked, id=11608, stack(0x000000c008400000,0x000000c008500000)]
  0x0000025084a2ddf0 JavaThread "JDWP Event Helper Thread" daemon [_thread_blocked, id=10076, stack(0x000000c008500000,0x000000c008600000)]
  0x0000025084a49300 JavaThread "JDWP Command Reader" daemon [_thread_in_native, id=15420, stack(0x000000c008600000,0x000000c008700000)]
  0x00000250ffb49330 JavaThread "Notification Thread" daemon [_thread_blocked, id=12468, stack(0x000000c008700000,0x000000c008800000)]
  0x00000250ffb4b310 JavaThread "Common-Cleaner" daemon [_thread_blocked, id=776, stack(0x000000c008900000,0x000000c008a00000)]
=>0x0000025084aee830 JavaThread "C2 CompilerThread1" daemon [_thread_in_native, id=15548, stack(0x000000c008a00000,0x000000c008b00000)]
  0x00000250ffb49dd0 JavaThread "Thread-0" [_thread_blocked, id=22400, stack(0x000000c009200000,0x000000c009300000)]
  0x00000250ffb49880 JavaThread "restartedMain" [_thread_in_native, id=4336, stack(0x000000c009300000,0x000000c009400000)]
  0x00000250858e4e40 JavaThread "C2 CompilerThread2" daemon [_thread_in_native, id=15484, stack(0x000000c009500000,0x000000c009600000)]

Other Threads:
  0x00000250ffb2dba0 VMThread "VM Thread" [stack: 0x000000c007a00000,0x000000c007b00000] [id=16540]
  0x0000025084a58600 WatcherThread [stack: 0x000000c008800000,0x000000c008900000] [id=9876]
  0x00000250e0f64b30 GCTaskThread "GC Thread#0" [stack: 0x000000c007500000,0x000000c007600000] [id=13560]
  0x00000250852d0e40 GCTaskThread "GC Thread#1" [stack: 0x000000c008b00000,0x000000c008c00000] [id=15996]
  0x00000250852d1560 GCTaskThread "GC Thread#2" [stack: 0x000000c008c00000,0x000000c008d00000] [id=896]
  0x00000250852d1c80 GCTaskThread "GC Thread#3" [stack: 0x000000c008d00000,0x000000c008e00000] [id=6580]
  0x00000250852d1f90 GCTaskThread "GC Thread#4" [stack: 0x000000c008e00000,0x000000c008f00000] [id=17784]
  0x000002508535e740 GCTaskThread "GC Thread#5" [stack: 0x000000c008f00000,0x000000c009000000] [id=9660]
  0x000002508535ea50 GCTaskThread "GC Thread#6" [stack: 0x000000c009000000,0x000000c009100000] [id=10552]
  0x000002508535ed60 GCTaskThread "GC Thread#7" [stack: 0x000000c009100000,0x000000c009200000] [id=20912]
  0x00000250e0f758c0 ConcurrentGCThread "G1 Main Marker" [stack: 0x000000c007600000,0x000000c007700000] [id=10580]
  0x00000250e0f76ad0 ConcurrentGCThread "G1 Conc#0" [stack: 0x000000c007700000,0x000000c007800000] [id=1208]
  0x00000250ff9f40e0 ConcurrentGCThread "G1 Refine#0" [stack: 0x000000c007800000,0x000000c007900000] [id=7204]
  0x00000250ff9f4970 ConcurrentGCThread "G1 Service" [stack: 0x000000c007900000,0x000000c007a00000] [id=4260]

Threads with active compile tasks:
C2 CompilerThread0     1865 2190       4       jdk.internal.module.SystemModuleFinders$SystemModuleReader::find (54 bytes)
C2 CompilerThread1     1866 2189       4       jdk.internal.module.SystemModuleFinders$SystemModuleReader::findImageLocation (42 bytes)
C2 CompilerThread2     1866 2206  s    4       jdk.internal.jimage.BasicImageReader::findLocation (115 bytes)

VM state: not at safepoint (normal execution)

VM Mutex/Monitor currently owned by a thread: None

Heap address: 0x0000000702a00000, size: 4054 MB, Compressed Oops mode: Zero based, Oop shift amount: 3

CDS archive(s) mapped at: [0x0000000800000000-0x0000000800bb0000-0x0000000800bb0000), size 12255232, SharedBaseAddress: 0x0000000800000000, ArchiveRelocationMode: 0.
Compressed class space mapped at: 0x0000000800c00000-0x0000000840c00000, reserved size: 1073741824
Narrow klass base: 0x0000000800000000, Narrow klass shift: 3, Narrow klass range: 0x100000000

GC Precious Log:
 CPUs: 8 total, 8 available
 Memory: 16214M
 Large Page Support: Disabled
 NUMA Support: Disabled
 Compressed Oops: Enabled (Zero based)
 Heap Region Size: 2M
 Heap Min Capacity: 8M
 Heap Initial Capacity: 254M
 Heap Max Capacity: 4054M
 Pre-touch: Disabled
 Parallel Workers: 8
 Concurrent Workers: 2
 Concurrent Refinement Workers: 8
 Periodic GC: Disabled

Heap:
 garbage-first heap   total 260096K, used 124957K [0x0000000702a00000, 0x0000000800000000)
  region size 2048K, 61 young (124928K), 1 survivors (2048K)
 Metaspace       used 18545K, committed 18752K, reserved 1073152K
  class space    used 2292K, committed 2368K, reserved 1048576K

Heap Regions: E=young(eden), S=young(survivor), O=old, HS=humongous(starts), HC=humongous(continues), CS=collection set, F=free, OA=open archive, CA=closed archive, TAMS=top-at-mark-start (previous, next)
|   0|0x0000000702a00000, 0x0000000702c00000, 0x0000000702c00000|100%| O|  |TAMS 0x0000000702a00000, 0x0000000702a00000| Untracked 
|   1|0x0000000702c00000, 0x0000000702e00000, 0x0000000702e00000|100%| O|  |TAMS 0x0000000702c00000, 0x0000000702c00000| Untracked 
|   2|0x0000000702e00000, 0x0000000702ff8200, 0x0000000703000000| 98%| O|  |TAMS 0x0000000702e00000, 0x0000000702e00000| Untracked 
|   3|0x0000000703000000, 0x0000000703000000, 0x0000000703200000|  0%| F|  |TAMS 0x0000000703000000, 0x0000000703000000| Untracked 
|   4|0x0000000703200000, 0x0000000703200000, 0x0000000703400000|  0%| F|  |TAMS 0x0000000703200000, 0x0000000703200000| Untracked 
|   5|0x0000000703400000, 0x0000000703400000, 0x0000000703600000|  0%| F|  |TAMS 0x0000000703400000, 0x0000000703400000| Untracked 
|   6|0x0000000703600000, 0x0000000703600000, 0x0000000703800000|  0%| F|  |TAMS 0x0000000703600000, 0x0000000703600000| Untracked 
|   7|0x0000000703800000, 0x0000000703800000, 0x0000000703a00000|  0%| F|  |TAMS 0x0000000703800000, 0x0000000703800000| Untracked 
|   8|0x0000000703a00000, 0x0000000703a00000, 0x0000000703c00000|  0%| F|  |TAMS 0x0000000703a00000, 0x0000000703a00000| Untracked 
|   9|0x0000000703c00000, 0x0000000703c00000, 0x0000000703e00000|  0%| F|  |TAMS 0x0000000703c00000, 0x0000000703c00000| Untracked 
|  10|0x0000000703e00000, 0x0000000703e00000, 0x0000000704000000|  0%| F|  |TAMS 0x0000000703e00000, 0x0000000703e00000| Untracked 
|  11|0x0000000704000000, 0x0000000704000000, 0x0000000704200000|  0%| F|  |TAMS 0x0000000704000000, 0x0000000704000000| Untracked 
|  12|0x0000000704200000, 0x0000000704200000, 0x0000000704400000|  0%| F|  |TAMS 0x0000000704200000, 0x0000000704200000| Untracked 
|  13|0x0000000704400000, 0x0000000704400000, 0x0000000704600000|  0%| F|  |TAMS 0x0000000704400000, 0x0000000704400000| Untracked 
|  14|0x0000000704600000, 0x0000000704600000, 0x0000000704800000|  0%| F|  |TAMS 0x0000000704600000, 0x0000000704600000| Untracked 
|  15|0x0000000704800000, 0x0000000704800000, 0x0000000704a00000|  0%| F|  |TAMS 0x0000000704800000, 0x0000000704800000| Untracked 
|  16|0x0000000704a00000, 0x0000000704a00000, 0x0000000704c00000|  0%| F|  |TAMS 0x0000000704a00000, 0x0000000704a00000| Untracked 
|  17|0x0000000704c00000, 0x0000000704c00000, 0x0000000704e00000|  0%| F|  |TAMS 0x0000000704c00000, 0x0000000704c00000| Untracked 
|  18|0x0000000704e00000, 0x0000000704e00000, 0x0000000705000000|  0%| F|  |TAMS 0x0000000704e00000, 0x0000000704e00000| Untracked 
|  19|0x0000000705000000, 0x0000000705000000, 0x0000000705200000|  0%| F|  |TAMS 0x0000000705000000, 0x0000000705000000| Untracked 
|  20|0x0000000705200000, 0x0000000705200000, 0x0000000705400000|  0%| F|  |TAMS 0x0000000705200000, 0x0000000705200000| Untracked 
|  21|0x0000000705400000, 0x0000000705400000, 0x0000000705600000|  0%| F|  |TAMS 0x0000000705400000, 0x0000000705400000| Untracked 
|  22|0x0000000705600000, 0x0000000705600000, 0x0000000705800000|  0%| F|  |TAMS 0x0000000705600000, 0x0000000705600000| Untracked 
|  23|0x0000000705800000, 0x0000000705800000, 0x0000000705a00000|  0%| F|  |TAMS 0x0000000705800000, 0x0000000705800000| Untracked 
|  24|0x0000000705a00000, 0x0000000705a00000, 0x0000000705c00000|  0%| F|  |TAMS 0x0000000705a00000, 0x0000000705a00000| Untracked 
|  25|0x0000000705c00000, 0x0000000705c00000, 0x0000000705e00000|  0%| F|  |TAMS 0x0000000705c00000, 0x0000000705c00000| Untracked 
|  26|0x0000000705e00000, 0x0000000705e00000, 0x0000000706000000|  0%| F|  |TAMS 0x0000000705e00000, 0x0000000705e00000| Untracked 
|  27|0x0000000706000000, 0x0000000706000000, 0x0000000706200000|  0%| F|  |TAMS 0x0000000706000000, 0x0000000706000000| Untracked 
|  28|0x0000000706200000, 0x0000000706200000, 0x0000000706400000|  0%| F|  |TAMS 0x0000000706200000, 0x0000000706200000| Untracked 
|  29|0x0000000706400000, 0x0000000706400000, 0x0000000706600000|  0%| F|  |TAMS 0x0000000706400000, 0x0000000706400000| Untracked 
|  30|0x0000000706600000, 0x0000000706600000, 0x0000000706800000|  0%| F|  |TAMS 0x0000000706600000, 0x0000000706600000| Untracked 
|  31|0x0000000706800000, 0x0000000706800000, 0x0000000706a00000|  0%| F|  |TAMS 0x0000000706800000, 0x0000000706800000| Untracked 
|  32|0x0000000706a00000, 0x0000000706a00000, 0x0000000706c00000|  0%| F|  |TAMS 0x0000000706a00000, 0x0000000706a00000| Untracked 
|  33|0x0000000706c00000, 0x0000000706c00000, 0x0000000706e00000|  0%| F|  |TAMS 0x0000000706c00000, 0x0000000706c00000| Untracked 
|  34|0x0000000706e00000, 0x0000000706e00000, 0x0000000707000000|  0%| F|  |TAMS 0x0000000706e00000, 0x0000000706e00000| Untracked 
|  35|0x0000000707000000, 0x0000000707000000, 0x0000000707200000|  0%| F|  |TAMS 0x0000000707000000, 0x0000000707000000| Untracked 
|  36|0x0000000707200000, 0x0000000707200000, 0x0000000707400000|  0%| F|  |TAMS 0x0000000707200000, 0x0000000707200000| Untracked 
|  37|0x0000000707400000, 0x0000000707400000, 0x0000000707600000|  0%| F|  |TAMS 0x0000000707400000, 0x0000000707400000| Untracked 
|  38|0x0000000707600000, 0x0000000707600000, 0x0000000707800000|  0%| F|  |TAMS 0x0000000707600000, 0x0000000707600000| Untracked 
|  39|0x0000000707800000, 0x0000000707800000, 0x0000000707a00000|  0%| F|  |TAMS 0x0000000707800000, 0x0000000707800000| Untracked 
|  40|0x0000000707a00000, 0x0000000707a00000, 0x0000000707c00000|  0%| F|  |TAMS 0x0000000707a00000, 0x0000000707a00000| Untracked 
|  41|0x0000000707c00000, 0x0000000707c00000, 0x0000000707e00000|  0%| F|  |TAMS 0x0000000707c00000, 0x0000000707c00000| Untracked 
|  42|0x0000000707e00000, 0x0000000707e00000, 0x0000000708000000|  0%| F|  |TAMS 0x0000000707e00000, 0x0000000707e00000| Untracked 
|  43|0x0000000708000000, 0x0000000708000000, 0x0000000708200000|  0%| F|  |TAMS 0x0000000708000000, 0x0000000708000000| Untracked 
|  44|0x0000000708200000, 0x0000000708200000, 0x0000000708400000|  0%| F|  |TAMS 0x0000000708200000, 0x0000000708200000| Untracked 
|  45|0x0000000708400000, 0x0000000708400000, 0x0000000708600000|  0%| F|  |TAMS 0x0000000708400000, 0x0000000708400000| Untracked 
|  46|0x0000000708600000, 0x0000000708600000, 0x0000000708800000|  0%| F|  |TAMS 0x0000000708600000, 0x0000000708600000| Untracked 
|  47|0x0000000708800000, 0x0000000708800000, 0x0000000708a00000|  0%| F|  |TAMS 0x0000000708800000, 0x0000000708800000| Untracked 
|  48|0x0000000708a00000, 0x0000000708a00000, 0x0000000708c00000|  0%| F|  |TAMS 0x0000000708a00000, 0x0000000708a00000| Untracked 
|  49|0x0000000708c00000, 0x0000000708c00000, 0x0000000708e00000|  0%| F|  |TAMS 0x0000000708c00000, 0x0000000708c00000| Untracked 
|  50|0x0000000708e00000, 0x0000000708e00000, 0x0000000709000000|  0%| F|  |TAMS 0x0000000708e00000, 0x0000000708e00000| Untracked 
|  51|0x0000000709000000, 0x0000000709000000, 0x0000000709200000|  0%| F|  |TAMS 0x0000000709000000, 0x0000000709000000| Untracked 
|  52|0x0000000709200000, 0x0000000709200000, 0x0000000709400000|  0%| F|  |TAMS 0x0000000709200000, 0x0000000709200000| Untracked 
|  53|0x0000000709400000, 0x0000000709400000, 0x0000000709600000|  0%| F|  |TAMS 0x0000000709400000, 0x0000000709400000| Untracked 
|  54|0x0000000709600000, 0x0000000709600000, 0x0000000709800000|  0%| F|  |TAMS 0x0000000709600000, 0x0000000709600000| Untracked 
|  55|0x0000000709800000, 0x0000000709800000, 0x0000000709a00000|  0%| F|  |TAMS 0x0000000709800000, 0x0000000709800000| Untracked 
|  56|0x0000000709a00000, 0x0000000709a00000, 0x0000000709c00000|  0%| F|  |TAMS 0x0000000709a00000, 0x0000000709a00000| Untracked 
|  57|0x0000000709c00000, 0x0000000709c00000, 0x0000000709e00000|  0%| F|  |TAMS 0x0000000709c00000, 0x0000000709c00000| Untracked 
|  58|0x0000000709e00000, 0x0000000709e00000, 0x000000070a000000|  0%| F|  |TAMS 0x0000000709e00000, 0x0000000709e00000| Untracked 
|  59|0x000000070a000000, 0x000000070a000000, 0x000000070a200000|  0%| F|  |TAMS 0x000000070a000000, 0x000000070a000000| Untracked 
|  60|0x000000070a200000, 0x000000070a200000, 0x000000070a400000|  0%| F|  |TAMS 0x000000070a200000, 0x000000070a200000| Untracked 
|  61|0x000000070a400000, 0x000000070a400000, 0x000000070a600000|  0%| F|  |TAMS 0x000000070a400000, 0x000000070a400000| Untracked 
|  62|0x000000070a600000, 0x000000070a600000, 0x000000070a800000|  0%| F|  |TAMS 0x000000070a600000, 0x000000070a600000| Untracked 
|  63|0x000000070a800000, 0x000000070a800000, 0x000000070aa00000|  0%| F|  |TAMS 0x000000070a800000, 0x000000070a800000| Untracked 
|  64|0x000000070aa00000, 0x000000070aa00000, 0x000000070ac00000|  0%| F|  |TAMS 0x000000070aa00000, 0x000000070aa00000| Untracked 
|  65|0x000000070ac00000, 0x000000070ac00000, 0x000000070ae00000|  0%| F|  |TAMS 0x000000070ac00000, 0x000000070ac00000| Untracked 
|  66|0x000000070ae00000, 0x000000070af00800, 0x000000070b000000| 50%| E|  |TAMS 0x000000070ae00000, 0x000000070ae00000| Complete 
|  67|0x000000070b000000, 0x000000070b200000, 0x000000070b200000|100%| E|CS|TAMS 0x000000070b000000, 0x000000070b000000| Complete 
|  68|0x000000070b200000, 0x000000070b400000, 0x000000070b400000|100%| E|CS|TAMS 0x000000070b200000, 0x000000070b200000| Complete 
|  69|0x000000070b400000, 0x000000070b600000, 0x000000070b600000|100%| E|CS|TAMS 0x000000070b400000, 0x000000070b400000| Complete 
|  70|0x000000070b600000, 0x000000070b800000, 0x000000070b800000|100%| E|CS|TAMS 0x000000070b600000, 0x000000070b600000| Complete 
|  71|0x000000070b800000, 0x000000070ba00000, 0x000000070ba00000|100%| E|CS|TAMS 0x000000070b800000, 0x000000070b800000| Complete 
|  72|0x000000070ba00000, 0x000000070bc00000, 0x000000070bc00000|100%| E|CS|TAMS 0x000000070ba00000, 0x000000070ba00000| Complete 
|  73|0x000000070bc00000, 0x000000070be00000, 0x000000070be00000|100%| E|CS|TAMS 0x000000070bc00000, 0x000000070bc00000| Complete 
|  74|0x000000070be00000, 0x000000070c000000, 0x000000070c000000|100%| E|CS|TAMS 0x000000070be00000, 0x000000070be00000| Complete 
|  75|0x000000070c000000, 0x000000070c200000, 0x000000070c200000|100%| E|CS|TAMS 0x000000070c000000, 0x000000070c000000| Complete 
|  76|0x000000070c200000, 0x000000070c400000, 0x000000070c400000|100%| E|CS|TAMS 0x000000070c200000, 0x000000070c200000| Complete 
|  77|0x000000070c400000, 0x000000070c600000, 0x000000070c600000|100%| E|CS|TAMS 0x000000070c400000, 0x000000070c400000| Complete 
|  78|0x000000070c600000, 0x000000070c800000, 0x000000070c800000|100%| E|CS|TAMS 0x000000070c600000, 0x000000070c600000| Complete 
|  79|0x000000070c800000, 0x000000070ca00000, 0x000000070ca00000|100%| E|  |TAMS 0x000000070c800000, 0x000000070c800000| Complete 
|  80|0x000000070ca00000, 0x000000070cc00000, 0x000000070cc00000|100%| E|CS|TAMS 0x000000070ca00000, 0x000000070ca00000| Complete 
|  81|0x000000070cc00000, 0x000000070ce00000, 0x000000070ce00000|100%| E|CS|TAMS 0x000000070cc00000, 0x000000070cc00000| Complete 
|  82|0x000000070ce00000, 0x000000070d000000, 0x000000070d000000|100%| E|CS|TAMS 0x000000070ce00000, 0x000000070ce00000| Complete 
|  83|0x000000070d000000, 0x000000070d200000, 0x000000070d200000|100%| E|CS|TAMS 0x000000070d000000, 0x000000070d000000| Complete 
|  84|0x000000070d200000, 0x000000070d400000, 0x000000070d400000|100%| E|CS|TAMS 0x000000070d200000, 0x000000070d200000| Complete 
|  85|0x000000070d400000, 0x000000070d600000, 0x000000070d600000|100%| E|CS|TAMS 0x000000070d400000, 0x000000070d400000| Complete 
|  86|0x000000070d600000, 0x000000070d800000, 0x000000070d800000|100%| E|CS|TAMS 0x000000070d600000, 0x000000070d600000| Complete 
|  87|0x000000070d800000, 0x000000070da00000, 0x000000070da00000|100%| E|CS|TAMS 0x000000070d800000, 0x000000070d800000| Complete 
|  88|0x000000070da00000, 0x000000070dc00000, 0x000000070dc00000|100%| E|CS|TAMS 0x000000070da00000, 0x000000070da00000| Complete 
|  89|0x000000070dc00000, 0x000000070de00000, 0x000000070de00000|100%| E|CS|TAMS 0x000000070dc00000, 0x000000070dc00000| Complete 
|  90|0x000000070de00000, 0x000000070e000000, 0x000000070e000000|100%| E|CS|TAMS 0x000000070de00000, 0x000000070de00000| Complete 
|  91|0x000000070e000000, 0x000000070e200000, 0x000000070e200000|100%| E|CS|TAMS 0x000000070e000000, 0x000000070e000000| Complete 
|  92|0x000000070e200000, 0x000000070e400000, 0x000000070e400000|100%| E|CS|TAMS 0x000000070e200000, 0x000000070e200000| Complete 
|  93|0x000000070e400000, 0x000000070e600000, 0x000000070e600000|100%| E|CS|TAMS 0x000000070e400000, 0x000000070e400000| Complete 
|  94|0x000000070e600000, 0x000000070e800000, 0x000000070e800000|100%| E|CS|TAMS 0x000000070e600000, 0x000000070e600000| Complete 
|  95|0x000000070e800000, 0x000000070ea00000, 0x000000070ea00000|100%| E|CS|TAMS 0x000000070e800000, 0x000000070e800000| Complete 
|  96|0x000000070ea00000, 0x000000070ec00000, 0x000000070ec00000|100%| E|CS|TAMS 0x000000070ea00000, 0x000000070ea00000| Complete 
|  97|0x000000070ec00000, 0x000000070ee00000, 0x000000070ee00000|100%| E|CS|TAMS 0x000000070ec00000, 0x000000070ec00000| Complete 
|  98|0x000000070ee00000, 0x000000070f000000, 0x000000070f000000|100%| E|CS|TAMS 0x000000070ee00000, 0x000000070ee00000| Complete 
|  99|0x000000070f000000, 0x000000070f200000, 0x000000070f200000|100%| E|CS|TAMS 0x000000070f000000, 0x000000070f000000| Complete 
| 100|0x000000070f200000, 0x000000070f400000, 0x000000070f400000|100%| E|CS|TAMS 0x000000070f200000, 0x000000070f200000| Complete 
| 101|0x000000070f400000, 0x000000070f600000, 0x000000070f600000|100%| E|CS|TAMS 0x000000070f400000, 0x000000070f400000| Complete 
| 102|0x000000070f600000, 0x000000070f800000, 0x000000070f800000|100%| E|CS|TAMS 0x000000070f600000, 0x000000070f600000| Complete 
| 103|0x000000070f800000, 0x000000070fa00000, 0x000000070fa00000|100%| E|CS|TAMS 0x000000070f800000, 0x000000070f800000| Complete 
| 104|0x000000070fa00000, 0x000000070fc00000, 0x000000070fc00000|100%| E|CS|TAMS 0x000000070fa00000, 0x000000070fa00000| Complete 
| 105|0x000000070fc00000, 0x000000070fe00000, 0x000000070fe00000|100%| E|CS|TAMS 0x000000070fc00000, 0x000000070fc00000| Complete 
| 106|0x000000070fe00000, 0x0000000710000000, 0x0000000710000000|100%| E|CS|TAMS 0x000000070fe00000, 0x000000070fe00000| Complete 
| 107|0x0000000710000000, 0x0000000710200000, 0x0000000710200000|100%| E|CS|TAMS 0x0000000710000000, 0x0000000710000000| Complete 
| 108|0x0000000710200000, 0x0000000710400000, 0x0000000710400000|100%| E|CS|TAMS 0x0000000710200000, 0x0000000710200000| Complete 
| 109|0x0000000710400000, 0x0000000710600000, 0x0000000710600000|100%| E|CS|TAMS 0x0000000710400000, 0x0000000710400000| Complete 
| 110|0x0000000710600000, 0x0000000710800000, 0x0000000710800000|100%| E|CS|TAMS 0x0000000710600000, 0x0000000710600000| Complete 
| 111|0x0000000710800000, 0x000000071080f590, 0x0000000710a00000|  2%| S|CS|TAMS 0x0000000710800000, 0x0000000710800000| Complete 
| 112|0x0000000710a00000, 0x0000000710c00000, 0x0000000710c00000|100%| E|CS|TAMS 0x0000000710a00000, 0x0000000710a00000| Complete 
| 113|0x0000000710c00000, 0x0000000710e00000, 0x0000000710e00000|100%| E|CS|TAMS 0x0000000710c00000, 0x0000000710c00000| Complete 
| 114|0x0000000710e00000, 0x0000000711000000, 0x0000000711000000|100%| E|CS|TAMS 0x0000000710e00000, 0x0000000710e00000| Complete 
| 115|0x0000000711000000, 0x0000000711200000, 0x0000000711200000|100%| E|CS|TAMS 0x0000000711000000, 0x0000000711000000| Complete 
| 116|0x0000000711200000, 0x0000000711400000, 0x0000000711400000|100%| E|CS|TAMS 0x0000000711200000, 0x0000000711200000| Complete 
| 117|0x0000000711400000, 0x0000000711600000, 0x0000000711600000|100%| E|CS|TAMS 0x0000000711400000, 0x0000000711400000| Complete 
| 118|0x0000000711600000, 0x0000000711800000, 0x0000000711800000|100%| E|CS|TAMS 0x0000000711600000, 0x0000000711600000| Complete 
| 119|0x0000000711800000, 0x0000000711a00000, 0x0000000711a00000|100%| E|CS|TAMS 0x0000000711800000, 0x0000000711800000| Complete 
| 120|0x0000000711a00000, 0x0000000711c00000, 0x0000000711c00000|100%| E|CS|TAMS 0x0000000711a00000, 0x0000000711a00000| Complete 
| 121|0x0000000711c00000, 0x0000000711e00000, 0x0000000711e00000|100%| E|CS|TAMS 0x0000000711c00000, 0x0000000711c00000| Complete 
| 122|0x0000000711e00000, 0x0000000712000000, 0x0000000712000000|100%| E|CS|TAMS 0x0000000711e00000, 0x0000000711e00000| Complete 
| 123|0x0000000712000000, 0x0000000712200000, 0x0000000712200000|100%| E|CS|TAMS 0x0000000712000000, 0x0000000712000000| Complete 
| 124|0x0000000712200000, 0x0000000712400000, 0x0000000712400000|100%| E|CS|TAMS 0x0000000712200000, 0x0000000712200000| Complete 
| 125|0x0000000712400000, 0x0000000712600000, 0x0000000712600000|100%| E|CS|TAMS 0x0000000712400000, 0x0000000712400000| Complete 
| 126|0x0000000712600000, 0x0000000712800000, 0x0000000712800000|100%| E|CS|TAMS 0x0000000712600000, 0x0000000712600000| Complete 

Card table byte_map: [0x00000250f81a0000,0x00000250f8990000] _byte_map_base: 0x00000250f498b000

Marking Bits (Prev, Next): (CMBitMap*) 0x00000250e0f651a0, (CMBitMap*) 0x00000250e0f651e0
 Prev Bits: [0x00000250f9180000, 0x00000250fd0d8000)
 Next Bits: [0x0000025080000000, 0x0000025083f58000)

Polling page: 0x00000250e06e0000

Metaspace:

Usage:
  Non-class:     15.88 MB used.
      Class:      2.24 MB used.
       Both:     18.12 MB used.

Virtual space:
  Non-class space:       24.00 MB reserved,      16.00 MB ( 67%) committed,  3 nodes.
      Class space:        1.00 GB reserved,       2.31 MB ( <1%) committed,  1 nodes.
              Both:        1.02 GB reserved,      18.31 MB (  2%) committed. 

Chunk freelists:
   Non-Class:  3.39 MB
       Class:  1.63 MB
        Both:  5.02 MB

MaxMetaspaceSize: 17179869184.00 GB
CompressedClassSpaceSize: 1.00 GB
 - commit_granule_bytes: 65536.
 - commit_granule_words: 8192.
 - virtual_space_node_default_size: 1048576.
 - enlarge_chunks_in_place: 1.
 - new_chunks_are_fully_committed: 0.
 - uncommit_free_chunks: 1.
 - use_allocation_guard: 0.
 - handle_deallocations: 1.


Internal statistics:

num_allocs_failed_limit: 0.
num_arena_births: 188.
num_arena_deaths: 0.
num_vsnodes_births: 4.
num_vsnodes_deaths: 0.
num_space_committed: 293.
num_space_uncommitted: 0.
num_chunks_returned_to_freelist: 0.
num_chunks_taken_from_freelist: 810.
num_chunk_merges: 0.
num_chunk_splits: 560.
num_chunks_enlarged: 436.
num_purges: 0.

CodeHeap 'non-profiled nmethods': size=120000Kb used=1192Kb max_used=1192Kb free=118807Kb
 bounds [0x00000250f0150000, 0x00000250f03c0000, 0x00000250f7680000]
CodeHeap 'profiled nmethods': size=120000Kb used=4624Kb max_used=4624Kb free=115376Kb
 bounds [0x00000250e8c20000, 0x00000250e90b0000, 0x00000250f0150000]
CodeHeap 'non-nmethods': size=5760Kb used=1278Kb max_used=1364Kb free=4481Kb
 bounds [0x00000250e8680000, 0x00000250e88f0000, 0x00000250e8c20000]
 total_blobs=2845 nmethods=2346 adapters=411
 compilation: enabled
              stopped_count=0, restarted_count=0
 full_count=0

Compilation events (20 events):
Event: 1.827 Thread 0x00000250ffb55eb0 2310       3       java.util.stream.ReferencePipeline$Head::<init> (8 bytes)
Event: 1.827 Thread 0x00000250ffb55eb0 nmethod 2310 0x00000250e908a890 code [0x00000250e908aa40, 0x00000250e908ac08]
Event: 1.828 Thread 0x00000250ffb55eb0 2311       3       java.lang.Integer::numberOfTrailingZeros (80 bytes)
Event: 1.828 Thread 0x00000250ffb55eb0 nmethod 2311 0x00000250e908ad10 code [0x00000250e908aec0, 0x00000250e908b138]
Event: 1.828 Thread 0x00000250ffb55eb0 2312   !   3       org.springframework.context.annotation.ConfigurationClassParser::asSourceClass (102 bytes)
Event: 1.829 Thread 0x00000250ffb55eb0 nmethod 2312 0x00000250e908b210 code [0x00000250e908b500, 0x00000250e908c258]
Event: 1.829 Thread 0x00000250ffb55eb0 2313       3       org.slf4j.LoggerFactory::getLogger (12 bytes)
Event: 1.829 Thread 0x00000250ffb55eb0 nmethod 2313 0x00000250e908c790 code [0x00000250e908c940, 0x00000250e908cb38]
Event: 1.829 Thread 0x00000250ffb55eb0 2314   !   3       org.slf4j.LoggerFactory::getILoggerFactory (103 bytes)
Event: 1.830 Thread 0x00000250ffb55eb0 nmethod 2314 0x00000250e908cc10 code [0x00000250e908ce60, 0x00000250e908d568]
Event: 1.830 Thread 0x00000250ffb55eb0 2315       1       org.springframework.core.type.filter.AbstractTypeHierarchyTraversingFilter::matchSelf (2 bytes)
Event: 1.830 Thread 0x00000250ffb55eb0 nmethod 2315 0x00000250f0279690 code [0x00000250f0279820, 0x00000250f02798f8]
Event: 1.830 Thread 0x00000250ffb55eb0 2316       3       java.util.TreeMap$Entry::<init> (25 bytes)
Event: 1.830 Thread 0x00000250ffb55eb0 nmethod 2316 0x00000250e908d810 code [0x00000250e908d9c0, 0x00000250e908dc58]
Event: 1.831 Thread 0x00000250ffb55eb0 2317       1       java.util.concurrent.atomic.AtomicInteger::set (6 bytes)
Event: 1.831 Thread 0x00000250ffb55eb0 nmethod 2317 0x00000250f0279990 code [0x00000250f0279b20, 0x00000250f0279bf8]
Event: 1.832 Thread 0x00000250ffb55eb0 2318       1       org.springframework.core.annotation.AnnotationFilter$1::matches (2 bytes)
Event: 1.832 Thread 0x00000250ffb55eb0 nmethod 2318 0x00000250f0279c90 code [0x00000250f0279e20, 0x00000250f0279ef8]
Event: 1.832 Thread 0x00000250ffb55eb0 2319       3       java.util.RegularEnumSet$EnumSetIterator::hasNext (15 bytes)
Event: 1.832 Thread 0x00000250ffb55eb0 nmethod 2319 0x00000250e908dd10 code [0x00000250e908dea0, 0x00000250e908e018]

GC Heap History (4 events):
Event: 0.619 GC heap before
{Heap before GC invocations=0 (full 0):
 garbage-first heap   total 260096K, used 22528K [0x0000000702a00000, 0x0000000800000000)
  region size 2048K, 11 young (22528K), 0 survivors (0K)
 Metaspace       used 4088K, committed 4288K, reserved 1056768K
  class space    used 424K, committed 512K, reserved 1048576K
}
Event: 0.623 GC heap after
{Heap after GC invocations=1 (full 0):
 garbage-first heap   total 260096K, used 6150K [0x0000000702a00000, 0x0000000800000000)
  region size 2048K, 2 young (4096K), 2 survivors (4096K)
 Metaspace       used 4088K, committed 4288K, reserved 1056768K
  class space    used 424K, committed 512K, reserved 1048576K
}
Event: 0.630 GC heap before
{Heap before GC invocations=1 (full 0):
 garbage-first heap   total 260096K, used 30726K [0x0000000702a00000, 0x0000000800000000)
  region size 2048K, 15 young (30720K), 2 survivors (4096K)
 Metaspace       used 4088K, committed 4288K, reserved 1056768K
  class space    used 424K, committed 512K, reserved 1048576K
}
Event: 0.632 GC heap after
{Heap after GC invocations=2 (full 0):
 garbage-first heap   total 260096K, used 6173K [0x0000000702a00000, 0x0000000800000000)
  region size 2048K, 1 young (2048K), 1 survivors (2048K)
 Metaspace       used 4088K, committed 4288K, reserved 1056768K
  class space    used 424K, committed 512K, reserved 1048576K
}

Deoptimization events (20 events):
Event: 1.829 Thread 0x00000250ffb49880 DEOPT PACKING pc=0x00000250e8fdaed4 sp=0x000000c0093fd740
Event: 1.829 Thread 0x00000250ffb49880 DEOPT UNPACKING pc=0x00000250e86cdece sp=0x000000c0093fcd00 mode 1
Event: 1.829 Thread 0x00000250ffb49880 DEOPT PACKING pc=0x00000250e8fdffc9 sp=0x000000c0093fd4f0
Event: 1.829 Thread 0x00000250ffb49880 DEOPT UNPACKING pc=0x00000250e86cdece sp=0x000000c0093fc9d8 mode 1
Event: 1.829 Thread 0x00000250ffb49880 DEOPT PACKING pc=0x00000250e8fde5ac sp=0x000000c0093fd590
Event: 1.829 Thread 0x00000250ffb49880 DEOPT UNPACKING pc=0x00000250e86cdece sp=0x000000c0093fcb28 mode 1
Event: 1.829 Thread 0x00000250ffb49880 DEOPT PACKING pc=0x00000250e8fdaed4 sp=0x000000c0093fd6e0
Event: 1.829 Thread 0x00000250ffb49880 DEOPT UNPACKING pc=0x00000250e86cdece sp=0x000000c0093fcca0 mode 1
Event: 1.830 Thread 0x00000250ffb49880 DEOPT PACKING pc=0x00000250e8fdffc9 sp=0x000000c0093fd4f0
Event: 1.830 Thread 0x00000250ffb49880 DEOPT UNPACKING pc=0x00000250e86cdece sp=0x000000c0093fc9d8 mode 1
Event: 1.830 Thread 0x00000250ffb49880 DEOPT PACKING pc=0x00000250e8fde5ac sp=0x000000c0093fd590
Event: 1.830 Thread 0x00000250ffb49880 DEOPT UNPACKING pc=0x00000250e86cdece sp=0x000000c0093fcb28 mode 1
Event: 1.830 Thread 0x00000250ffb49880 DEOPT PACKING pc=0x00000250e8fdaed4 sp=0x000000c0093fd6e0
Event: 1.830 Thread 0x00000250ffb49880 DEOPT UNPACKING pc=0x00000250e86cdece sp=0x000000c0093fcca0 mode 1
Event: 1.833 Thread 0x00000250ffb49880 DEOPT PACKING pc=0x00000250e8fdffc9 sp=0x000000c0093fc930
Event: 1.833 Thread 0x00000250ffb49880 DEOPT UNPACKING pc=0x00000250e86cdece sp=0x000000c0093fbe18 mode 1
Event: 1.833 Thread 0x00000250ffb49880 DEOPT PACKING pc=0x00000250e8fde5ac sp=0x000000c0093fc9d0
Event: 1.833 Thread 0x00000250ffb49880 DEOPT UNPACKING pc=0x00000250e86cdece sp=0x000000c0093fbf68 mode 1
Event: 1.833 Thread 0x00000250ffb49880 DEOPT PACKING pc=0x00000250e8fdaed4 sp=0x000000c0093fcb20
Event: 1.833 Thread 0x00000250ffb49880 DEOPT UNPACKING pc=0x00000250e86cdece sp=0x000000c0093fc0e0 mode 1

Classes unloaded (0 events):
No events

Classes redefined (0 events):
No events

Internal exceptions (20 events):
Event: 1.304 Thread 0x00000250ffb49880 Exception <a 'java/lang/ClassNotFoundException'{0x000000070ee77b68}: org/springframework/context/annotation/ConfigurationClassPostProcessorCustomizer> (0x000000070ee77b68) 
thrown [t:\workspace\open\src\hotspot\share\classfile\systemDictionary.cpp, line 256]
Event: 1.313 Thread 0x00000250ffb49880 Exception <a 'java/lang/ClassNotFoundException'{0x000000070eec86e8}: org/springframework/beans/factory/support/BeanDefinitionRegistryPostProcessorCustomizer> (0x000000070eec86e8) 
thrown [t:\workspace\open\src\hotspot\share\classfile\systemDictionary.cpp, line 256]
Event: 1.314 Thread 0x00000250ffb49880 Exception <a 'java/lang/ClassNotFoundException'{0x000000070eecec48}: org/springframework/beans/factory/config/BeanFactoryPostProcessorCustomizer> (0x000000070eecec48) 
thrown [t:\workspace\open\src\hotspot\share\classfile\systemDictionary.cpp, line 256]
Event: 1.314 Thread 0x00000250ffb49880 Exception <a 'java/lang/ClassNotFoundException'{0x000000070eed4df8}: org/springframework/core/PriorityOrderedCustomizer> (0x000000070eed4df8) 
thrown [t:\workspace\open\src\hotspot\share\classfile\systemDictionary.cpp, line 256]
Event: 1.315 Thread 0x00000250ffb49880 Exception <a 'java/lang/ClassNotFoundException'{0x000000070eed9b90}: org/springframework/core/OrderedCustomizer> (0x000000070eed9b90) 
thrown [t:\workspace\open\src\hotspot\share\classfile\systemDictionary.cpp, line 256]
Event: 1.316 Thread 0x00000250ffb49880 Exception <a 'java/lang/ClassNotFoundException'{0x000000070eedfc38}: org/springframework/context/ResourceLoaderAwareCustomizer> (0x000000070eedfc38) 
thrown [t:\workspace\open\src\hotspot\share\classfile\systemDictionary.cpp, line 256]
Event: 1.317 Thread 0x00000250ffb49880 Exception <a 'java/lang/ClassNotFoundException'{0x000000070eee5d70}: org/springframework/beans/factory/AwareCustomizer> (0x000000070eee5d70) 
thrown [t:\workspace\open\src\hotspot\share\classfile\systemDictionary.cpp, line 256]
Event: 1.317 Thread 0x00000250ffb49880 Exception <a 'java/lang/ClassNotFoundException'{0x000000070eeeb090}: org/springframework/beans/factory/BeanClassLoaderAwareCustomizer> (0x000000070eeeb090) 
thrown [t:\workspace\open\src\hotspot\share\classfile\systemDictionary.cpp, line 256]
Event: 1.318 Thread 0x00000250ffb49880 Exception <a 'java/lang/ClassNotFoundException'{0x000000070eef11e0}: org/springframework/beans/factory/AwareCustomizer> (0x000000070eef11e0) 
thrown [t:\workspace\open\src\hotspot\share\classfile\systemDictionary.cpp, line 256]
Event: 1.319 Thread 0x00000250ffb49880 Exception <a 'java/lang/ClassNotFoundException'{0x000000070eef6150}: org/springframework/context/EnvironmentAwareCustomizer> (0x000000070eef6150) 
thrown [t:\workspace\open\src\hotspot\share\classfile\systemDictionary.cpp, line 256]
Event: 1.319 Thread 0x00000250ffb49880 Exception <a 'java/lang/ClassNotFoundException'{0x000000070eefc1f0}: org/springframework/beans/factory/AwareCustomizer> (0x000000070eefc1f0) 
thrown [t:\workspace\open\src\hotspot\share\classfile\systemDictionary.cpp, line 256]
Event: 1.343 Thread 0x00000250ffb49880 Exception <a 'java/lang/NoSuchMethodError'{0x000000070ecfe488}: 'java.lang.Object java.lang.invoke.Invokers$Holder.invokeExact_MT(java.lang.Object, java.lang.Object, java.lang.Object, java.lang.Object, java.lang.Object, java.lang.Object)'> (0x000000070ecfe488) 
thrown [t:\workspace\open\src\hotspot\share\interpreter\linkResolver.cpp, line 790]
Event: 1.397 Thread 0x00000250ffb4a870 Exception <a 'java/lang/NoSuchMethodError'{0x000000070e724620}: 'long java.lang.invoke.DirectMethodHandle$Holder.invokeSpecial(java.lang.Object, java.lang.Object)'> (0x000000070e724620) 
thrown [t:\workspace\open\src\hotspot\share\interpreter\linkResolver.cpp, line 790]
Event: 1.399 Thread 0x00000250ffb4a870 Exception <a 'java/lang/NoSuchMethodError'{0x000000070e72fb70}: 'long java.lang.invoke.DirectMethodHandle$Holder.invokeStatic(java.lang.Object, java.lang.Object)'> (0x000000070e72fb70) 
thrown [t:\workspace\open\src\hotspot\share\interpreter\linkResolver.cpp, line 790]
Event: 1.400 Thread 0x00000250ffb4a870 Exception <a 'java/lang/NoSuchMethodError'{0x000000070e733350}: 'long java.lang.invoke.DirectMethodHandle$Holder.invokeStaticInit(java.lang.Object, java.lang.Object)'> (0x000000070e733350) 
thrown [t:\workspace\open\src\hotspot\share\interpreter\linkResolver.cpp, line 790]
Event: 1.405 Thread 0x00000250ffb4a870 Exception <a 'java/lang/NoSuchMethodError'{0x000000070e741498}: 'long java.lang.invoke.DirectMethodHandle$Holder.invokeInterface(java.lang.Object, java.lang.Object)'> (0x000000070e741498) 
thrown [t:\workspace\open\src\hotspot\share\interpreter\linkResolver.cpp, line 790]
Event: 1.406 Thread 0x00000250ffb4a870 Exception <a 'java/lang/IncompatibleClassChangeError'{0x000000070e744bf8}: Found class java.lang.Object, but interface was expected> (0x000000070e744bf8) 
thrown [t:\workspace\open\src\hotspot\share\interpreter\linkResolver.cpp, line 857]
Event: 1.423 Thread 0x00000250ffb4a870 Exception <a 'java/lang/NoSuchMethodError'{0x000000070e7bfa78}: 'java.lang.Object java.lang.invoke.DirectMethodHandle$Holder.invokeVirtual(java.lang.Object, java.lang.Object, java.lang.Object, java.lang.Object)'> (0x000000070e7bfa78) 
thrown [t:\workspace\open\src\hotspot\share\interpreter\linkResolver.cpp, line 790]
Event: 1.627 Thread 0x00000250ffb49880 Exception <a 'java/lang/IncompatibleClassChangeError'{0x000000070ba69aa0}: Found class java.lang.Object, but interface was expected> (0x000000070ba69aa0) 
thrown [t:\workspace\open\src\hotspot\share\interpreter\linkResolver.cpp, line 857]
Event: 1.677 Thread 0x00000250ffb49880 Exception <a 'java/lang/NoSuchMethodError'{0x000000070b8edd80}: 'void java.lang.invoke.DirectMethodHandle$Holder.invokeInterface(java.lang.Object, java.lang.Object, java.lang.Object, java.lang.Object)'> (0x000000070b8edd80) 
thrown [t:\workspace\open\src\hotspot\share\interpreter\linkResolver.cpp, line 790]

Events (20 events):
Event: 1.345 loading class java/util/regex/Pattern$LazyLoop done
Event: 1.345 loading class java/util/regex/Pattern$Prolog
Event: 1.345 loading class java/util/regex/Pattern$Prolog done
Event: 1.383 loading class java/time/DateTimeException
Event: 1.383 loading class java/time/DateTimeException done
Event: 1.429 Thread 0x00000250ffb4a870 Thread exited: 0x00000250ffb4a870
Event: 1.431 loading class java/lang/TypeNotPresentException
Event: 1.431 loading class java/lang/TypeNotPresentException done
Event: 1.483 Thread 0x00000250ffb4bdb0 Thread added: 0x00000250ffb4bdb0
Event: 1.501 loading class javax/naming/ldap/LdapContext
Event: 1.501 loading class javax/naming/directory/DirContext
Event: 1.502 loading class javax/naming/directory/DirContext done
Event: 1.502 loading class javax/naming/ldap/LdapContext done
Event: 1.564 loading class javax/naming/Referenceable
Event: 1.564 loading class javax/naming/Referenceable done
Event: 1.592 Thread 0x00000250ffb4bdb0 Thread exited: 0x00000250ffb4bdb0
Event: 1.643 loading class jdk/internal/access/foreign/MemorySegmentProxy
Event: 1.643 loading class jdk/internal/access/foreign/MemorySegmentProxy done
Event: 1.778 Executing  VM operation: ICBufferFull
Event: 1.778 Executing  VM operation: ICBufferFull done


Dynamic libraries:
0x00007ff7391c0000 - 0x00007ff7391d0000 	C:\Program Files\Java\jdk-16.0.2\bin\java.exe
0x00007ffc24950000 - 0x00007ffc24b45000 	C:\WINDOWS\SYSTEM32\ntdll.dll
0x00007ffc23170000 - 0x00007ffc2322e000 	C:\WINDOWS\System32\KERNEL32.DLL
0x00007ffc22450000 - 0x00007ffc22718000 	C:\WINDOWS\System32\KERNELBASE.dll
0x00007ffc22090000 - 0x00007ffc22190000 	C:\WINDOWS\System32\ucrtbase.dll
0x00007ffc066d0000 - 0x00007ffc066e9000 	C:\Program Files\Java\jdk-16.0.2\bin\VCRUNTIME140.dll
0x00007ffc066f0000 - 0x00007ffc06708000 	C:\Program Files\Java\jdk-16.0.2\bin\jli.dll
0x00007ffc22d70000 - 0x00007ffc22e1e000 	C:\WINDOWS\System32\ADVAPI32.dll
0x00007ffc23b20000 - 0x00007ffc23bbe000 	C:\WINDOWS\System32\msvcrt.dll
0x00007ffc230d0000 - 0x00007ffc2316c000 	C:\WINDOWS\System32\sechost.dll
0x00007ffc229a0000 - 0x00007ffc22ac5000 	C:\WINDOWS\System32\RPCRT4.dll
0x00007ffc23230000 - 0x00007ffc233d0000 	C:\WINDOWS\System32\USER32.dll
0x00007ffc22060000 - 0x00007ffc22082000 	C:\WINDOWS\System32\win32u.dll
0x00007ffc0c590000 - 0x00007ffc0c82a000 	C:\WINDOWS\WinSxS\amd64_microsoft.windows.common-controls_6595b64144ccf1df_6.0.19041.1110_none_60b5254171f9507e\COMCTL32.dll
0x00007ffc23bd0000 - 0x00007ffc23bfb000 	C:\WINDOWS\System32\GDI32.dll
0x00007ffc221e0000 - 0x00007ffc222ed000 	C:\WINDOWS\System32\gdi32full.dll
0x00007ffc22720000 - 0x00007ffc227bd000 	C:\WINDOWS\System32\msvcp_win.dll
0x00007ffc16710000 - 0x00007ffc1671a000 	C:\WINDOWS\SYSTEM32\VERSION.dll
0x00007ffc22f80000 - 0x00007ffc22fb0000 	C:\WINDOWS\System32\IMM32.DLL
0x00007ffc0f560000 - 0x00007ffc0f56c000 	C:\Program Files\Java\jdk-16.0.2\bin\vcruntime140_1.dll
0x00007ffc06630000 - 0x00007ffc066c1000 	C:\Program Files\Java\jdk-16.0.2\bin\msvcp140.dll
0x00007ffbb4190000 - 0x00007ffbb4d3b000 	C:\Program Files\Java\jdk-16.0.2\bin\server\jvm.dll
0x00007ffc22cd0000 - 0x00007ffc22cd8000 	C:\WINDOWS\System32\PSAPI.DLL
0x00007ffc15210000 - 0x00007ffc15219000 	C:\WINDOWS\SYSTEM32\WSOCK32.dll
0x00007ffc0e170000 - 0x00007ffc0e197000 	C:\WINDOWS\SYSTEM32\WINMM.dll
0x00007ffc22fb0000 - 0x00007ffc2301b000 	C:\WINDOWS\System32\WS2_32.dll
0x00007ffc208e0000 - 0x00007ffc208f2000 	C:\WINDOWS\SYSTEM32\kernel.appcore.dll
0x00007ffc06620000 - 0x00007ffc0662a000 	C:\Program Files\Java\jdk-16.0.2\bin\jimage.dll
0x00007ffc20600000 - 0x00007ffc207e4000 	C:\WINDOWS\SYSTEM32\DBGHELP.DLL
0x00007ffc16de0000 - 0x00007ffc16e0c000 	C:\WINDOWS\SYSTEM32\dbgcore.DLL
0x00007ffc227c0000 - 0x00007ffc22842000 	C:\WINDOWS\System32\bcryptPrimitives.dll
0x00007ffc02950000 - 0x00007ffc0298b000 	C:\Program Files\Java\jdk-16.0.2\bin\jdwp.dll
0x00007ffc065f0000 - 0x00007ffc06615000 	C:\Program Files\Java\jdk-16.0.2\bin\java.dll
0x00007ffc233d0000 - 0x00007ffc23b14000 	C:\WINDOWS\System32\SHELL32.dll
0x00007ffc1fd90000 - 0x00007ffc20524000 	C:\WINDOWS\SYSTEM32\windows.storage.dll
0x00007ffc23c00000 - 0x00007ffc23f55000 	C:\WINDOWS\System32\combase.dll
0x00007ffc21ab0000 - 0x00007ffc21ade000 	C:\WINDOWS\SYSTEM32\Wldp.dll
0x00007ffc22c20000 - 0x00007ffc22ccd000 	C:\WINDOWS\System32\SHCORE.dll
0x00007ffc22ba0000 - 0x00007ffc22bf5000 	C:\WINDOWS\System32\shlwapi.dll
0x00007ffc21fa0000 - 0x00007ffc21fbf000 	C:\WINDOWS\SYSTEM32\profapi.dll
0x00007ffc17360000 - 0x00007ffc1736c000 	C:\Program Files\Java\jdk-16.0.2\bin\dt_socket.dll
0x00007ffc214b0000 - 0x00007ffc214eb000 	C:\WINDOWS\SYSTEM32\IPHLPAPI.DLL
0x00007ffc21810000 - 0x00007ffc2187a000 	C:\WINDOWS\system32\mswsock.dll
0x00007ffc065d0000 - 0x00007ffc065e9000 	C:\Program Files\Java\jdk-16.0.2\bin\net.dll
0x00007ffc19a10000 - 0x00007ffc19b1c000 	C:\WINDOWS\SYSTEM32\WINHTTP.dll
0x00007ffc05870000 - 0x00007ffc05883000 	C:\Program Files\Java\jdk-16.0.2\bin\nio.dll
0x00007ffc05850000 - 0x00007ffc05868000 	C:\Program Files\Java\jdk-16.0.2\bin\zip.dll
0x00007ffc06580000 - 0x00007ffc06590000 	C:\Program Files\Java\jdk-16.0.2\bin\verify.dll
0x00007ffc05840000 - 0x00007ffc05849000 	C:\Program Files\Java\jdk-16.0.2\bin\management.dll
0x00007ffc05830000 - 0x00007ffc0583b000 	C:\Program Files\Java\jdk-16.0.2\bin\management_ext.dll
0x00007ffbfb860000 - 0x00007ffbfb877000 	C:\WINDOWS\system32\napinsp.dll
0x00007ffbfb840000 - 0x00007ffbfb85b000 	C:\WINDOWS\system32\pnrpnsp.dll
0x00007ffbfb820000 - 0x00007ffbfb835000 	C:\WINDOWS\system32\wshbth.dll
0x00007ffc199f0000 - 0x00007ffc19a0d000 	C:\WINDOWS\system32\NLAapi.dll
0x00007ffc21540000 - 0x00007ffc2160b000 	C:\WINDOWS\SYSTEM32\DNSAPI.dll
0x00007ffc23bc0000 - 0x00007ffc23bc8000 	C:\WINDOWS\System32\NSI.dll
0x00007ffbfacb0000 - 0x00007ffbfacc2000 	C:\WINDOWS\System32\winrnr.dll
0x00007ffc17ce0000 - 0x00007ffc17cea000 	C:\Windows\System32\rasadhlp.dll
0x00007ffc17680000 - 0x00007ffc176ff000 	C:\WINDOWS\System32\fwpuclnt.dll
0x00007ffc22900000 - 0x00007ffc22927000 	C:\WINDOWS\System32\bcrypt.dll

dbghelp: loaded successfully - version: 4.0.5 - missing functions: none
symbol engine: initialized successfully - sym options: 0x614 - pdb path: .;C:\Program Files\Java\jdk-16.0.2\bin;C:\WINDOWS\SYSTEM32;C:\WINDOWS\WinSxS\amd64_microsoft.windows.common-controls_6595b64144ccf1df_6.0.19041.1110_none_60b5254171f9507e;C:\Program Files\Java\jdk-16.0.2\bin\server

VM Arguments:
jvm_args: -agentlib:jdwp=transport=dt_socket,server=n,suspend=y,address=127.0.0.1:56843 -Dfile.encoding=windows-1252 -Duser.country=US -Duser.language=en -Duser.variant 
java_command: com.recipeproject.recipeproject.LiftoffApplication
java_class_path (initial): C:\Users\lucyc\santiago-group\build\classes\java\main;C:\Users\lucyc\santiago-group\build\resources\main;C:\Users\lucyc\.gradle\caches\modules-2\files-2.1\org.springframework.boot\spring-boot-devtools\2.2.1.RELEASE\7bff398995dc4fa458441f4bf7673981dfedc6de\spring-boot-devtools-2.2.1.RELEASE.jar;C:\Users\lucyc\.gradle\caches\modules-2\files-2.1\org.springframework.boot\spring-boot-starter-thymeleaf\2.2.1.RELEASE\d6ed4f82ea8f064f12948e4f29c0c7c904ef6025\spring-boot-starter-thymeleaf-2.2.1.RELEASE.jar;C:\Users\lucyc\.gradle\caches\modules-2\files-2.1\org.springframework.boot\spring-boot-starter-web\2.2.1.RELEASE\689213aca6e25e2aa9b377e61273aa3d31f30f60\spring-boot-starter-web-2.2.1.RELEASE.jar;C:\Users\lucyc\.gradle\caches\modules-2\files-2.1\org.springframework.boot\spring-boot-starter-data-jpa\2.2.1.RELEASE\dace86df26aaec8a948ffacd7d46d11c366af527\spring-boot-starter-data-jpa-2.2.1.RELEASE.jar;C:\Users\lucyc\.gradle\caches\modules-2\files-2.1\mysql\mysql-connector-java\8.0.18\e088efaa4b568bc7d9f7274b9c5ea1a00da1a45c\mysql-connector-java-8.0.18.jar;C:\Users\lucyc\.gradle\caches\modules-2\files-2.1\org.springframework.security\spring-security-crypto\5.2.1.RELEASE\77d7c803ab3f91231254509e37c51ee72651e0d7\spring-security-crypto-5.2.1.RELEASE.jar;C:\Users\lucyc\.gradle\caches\modules-2\files-2.1\org.apache.commons\commons-collections4\4.4\62ebe7544cb7164d87e0637a2a6a2bdc981395e8\commons-collections4-4.4.jar;C:\Users\lucyc\.gradle\caches\modules-2\files-2.1\org.springframework.boot\spring-boot-starter-actuator\2.6.3\aa98aebacb734f8959fb01086589349662c03503\spring-boot-starter-actuator-2.6.3.jar;C:\Users\lucyc\.gradle\caches\modules-2\files-2.1\org.springframework.boot\spring-boot-starter-json\2.2.1.RELEASE\2d9f5ad8a76edcf3c610e0f825d9c01563a6900a\spring-boot-starter-json-2.2.1.RELEASE.jar;C:\Users\lucyc\.gradle\caches\modules-2\files-2.1\org.springframework.boot\spring-boot-starter-validation\2.2.1.RELEASE\ea5bd9055951afe28f64a96524bfd0bf0d36231
Launcher Type: SUN_STANDARD

[Global flags]
     intx CICompilerCount                          = 4                                         {product} {ergonomic}
     uint ConcGCThreads                            = 2                                         {product} {ergonomic}
     uint G1ConcRefinementThreads                  = 8                                         {product} {ergonomic}
   size_t G1HeapRegionSize                         = 2097152                                   {product} {ergonomic}
    uintx GCDrainStackTargetSize                   = 64                                        {product} {ergonomic}
   size_t InitialHeapSize                          = 266338304                                 {product} {ergonomic}
   size_t MarkStackSize                            = 4194304                                   {product} {ergonomic}
   size_t MaxHeapSize                              = 4250927104                                {product} {ergonomic}
   size_t MaxNewSize                               = 2550136832                                {product} {ergonomic}
   size_t MinHeapDeltaBytes                        = 2097152                                   {product} {ergonomic}
   size_t MinHeapSize                              = 8388608                                   {product} {ergonomic}
    uintx NonNMethodCodeHeapSize                   = 5839372                                {pd product} {ergonomic}
    uintx NonProfiledCodeHeapSize                  = 122909434                              {pd product} {ergonomic}
    uintx ProfiledCodeHeapSize                     = 122909434                              {pd product} {ergonomic}
    uintx ReservedCodeCacheSize                    = 251658240                              {pd product} {ergonomic}
     bool SegmentedCodeCache                       = true                                      {product} {ergonomic}
   size_t SoftMaxHeapSize                          = 4250927104                             {manageable} {ergonomic}
     bool UseCompressedClassPointers               = true                           {product lp64_product} {ergonomic}
     bool UseCompressedOops                        = true                           {product lp64_product} {ergonomic}
     bool UseG1GC                                  = true                                      {product} {ergonomic}
     bool UseLargePagesIndividualAllocation        = false                                  {pd product} {ergonomic}

Logging:
Log output configuration:
 #0: stdout all=warning uptime,level,tags
 #1: stderr all=off uptime,level,tags

Environment Variables:
PATH=C:\Program Files\Common Files\Oracle\Java\javapath;C:\WINDOWS\system32;C:\WINDOWS;C:\WINDOWS\System32\Wbem;C:\WINDOWS\System32\WindowsPowerShell\v1.0\;C:\WINDOWS\System32\OpenSSH\;C:\Program Files\Git\cmd;C:\Program Files\nodejs\;C:\Program Files\dotnet\;C:\Program Files\Microsoft SQL Server\130\Tools\Binn\;C:\Program Files\Microsoft SQL Server\Client SDK\ODBC\170\Tools\Binn\;C:\Program Files (x86)\dotnet\;C:\Program Files\MySQL\MySQL Shell 8.0\bin\;C:\Users\lucyc\AppData\Local\Microsoft\WindowsApps;C:\Users\lucyc\AppData\Local\GitHubDesktop\bin;C:\Users\lucyc\AppData\Local\Programs\Microsoft VS Code\bin;C:\Users\lucyc\AppData\Roaming\npm;C:\Users\lucyc\.dotnet\tools;C:\Users\lucyc\AppData\Local\Microsoft\WindowsApps;
USERNAME=lucyc
OS=Windows_NT
PROCESSOR_IDENTIFIER=Intel64 Family 6 Model 142 Stepping 12, GenuineIntel



---------------  S Y S T E M  ---------------

OS:
 Windows 10 , 64 bit Build 19041 (10.0.19041.1503)
OS uptime: 3 days 20:19 hours

CPU: total 8 (initial active 8) (4 cores per cpu, 2 threads per core) family 6 model 142 stepping 12 microcode 0xbe, cx8, cmov, fxsr, ht, mmx, 3dnowpref, sse, sse2, sse3, ssse3, sse4.1, sse4.2, popcnt, lzcnt, tsc, tscinvbit, avx, avx2, aes, erms, clmul, bmi1, bmi2, adx, fma, vzeroupper, clflush, clflushopt

Memory: 4k page, system-wide physical 16214M (3158M free)
TotalPageFile size 19136M (AvailPageFile size 5M)
current process WorkingSet (physical memory assigned to process): 229M, peak: 229M
current process commit charge ("private bytes"): 409M, peak: 410M

vm_info: Java HotSpot(TM) 64-Bit Server VM (16.0.2+7-67) for windows-amd64 JRE (16.0.2+7-67), built on Jun  8 2021 23:24:19 by "mach5one" with MS VC++ 16.7 (VS2019)

END.
